Pygraphviz installation not found, falling back to networkx plotting. For better looking plots, consider installing pygraphviz. Note This requires both the Python pygraphviz package (``pip install pygraphviz``) and the shared system library (e.g. ``brew install graphviz`` or ``apt-get install graphviz``)
Pygraphviz installation not found, falling back to networkx plotting. For better looking plots, consider installing pygraphviz. Note This requires both the Python pygraphviz package (``pip install pygraphviz``) and the shared system library (e.g. ``brew install graphviz`` or ``apt-get install graphviz``)
Pygraphviz installation not found, falling back to networkx plotting. For better looking plots, consider installing pygraphviz. Note This requires both the Python pygraphviz package (``pip install pygraphviz``) and the shared system library (e.g. ``brew install graphviz`` or ``apt-get install graphviz``)
Pygraphviz installation not found, falling back to networkx plotting. For better looking plots, consider installing pygraphviz. Note This requires both the Python pygraphviz package (``pip install pygraphviz``) and the shared system library (e.g. ``brew install graphviz`` or ``apt-get install graphviz``)
estimate_shapley_values
shapley_config ShapleyApproximationMethods.AUTO
shapley_config.n_jobs -1
all_subsets is [(0, 0, 0, 0, 0), (0, 0, 0, 0, 1), (0, 0, 0, 1, 0), (0, 0, 0, 1, 1), (0, 0, 1, 0, 0), (0, 0, 1, 0, 1), (0, 0, 1, 1, 0), (0, 0, 1, 1, 1), (0, 1, 0, 0, 0), (0, 1, 0, 0, 1), (0, 1, 0, 1, 0), (0, 1, 0, 1, 1), (0, 1, 1, 0, 0), (0, 1, 1, 0, 1), (0, 1, 1, 1, 0), (0, 1, 1, 1, 1), (1, 0, 0, 0, 0), (1, 0, 0, 0, 1), (1, 0, 0, 1, 0), (1, 0, 0, 1, 1), (1, 0, 1, 0, 0), (1, 0, 1, 0, 1), (1, 0, 1, 1, 0), (1, 0, 1, 1, 1), (1, 1, 0, 0, 0), (1, 1, 0, 0, 1), (1, 1, 0, 1, 0), (1, 1, 0, 1, 1), (1, 1, 1, 0, 0), (1, 1, 1, 0, 1), (1, 1, 1, 1, 0), (1, 1, 1, 1, 1)]
total number of subsets/permutation is 32
subset_to_result_map  use set_func that is in anomaly_scores module line 208
the value of each permutation in the subset_to_result_map is the outlier score of the outlier noise in each permutation


now use the subset_to_result_map to compute shapley_values
the shapley_values is [[ 7.26321982e+00  6.76456601e-03  1.32315623e+00 -1.17611815e-01
  -4.68827956e-01]]
estimate_shapley_values
shapley_config ShapleyApproximationMethods.AUTO
shapley_config.n_jobs -1
all_subsets is [(0, 0, 0, 0, 0), (0, 0, 0, 0, 1), (0, 0, 0, 1, 0), (0, 0, 0, 1, 1), (0, 0, 1, 0, 0), (0, 0, 1, 0, 1), (0, 0, 1, 1, 0), (0, 0, 1, 1, 1), (0, 1, 0, 0, 0), (0, 1, 0, 0, 1), (0, 1, 0, 1, 0), (0, 1, 0, 1, 1), (0, 1, 1, 0, 0), (0, 1, 1, 0, 1), (0, 1, 1, 1, 0), (0, 1, 1, 1, 1), (1, 0, 0, 0, 0), (1, 0, 0, 0, 1), (1, 0, 0, 1, 0), (1, 0, 0, 1, 1), (1, 0, 1, 0, 0), (1, 0, 1, 0, 1), (1, 0, 1, 1, 0), (1, 0, 1, 1, 1), (1, 1, 0, 0, 0), (1, 1, 0, 0, 1), (1, 1, 0, 1, 0), (1, 1, 0, 1, 1), (1, 1, 1, 0, 0), (1, 1, 1, 0, 1), (1, 1, 1, 1, 0), (1, 1, 1, 1, 1)]
total number of subsets/permutation is 32
subset_to_result_map  use set_func that is in anomaly_scores module line 208
the value of each permutation in the subset_to_result_map is the outlier score of the outlier noise in each permutation


now use the subset_to_result_map to compute shapley_values
the shapley_values is [[0. 0. 0. 0. 0.]]
estimate_shapley_values
shapley_config ShapleyApproximationMethods.AUTO
shapley_config.n_jobs -1
all_subsets is [(0, 0, 0, 0, 0), (0, 0, 0, 0, 1), (0, 0, 0, 1, 0), (0, 0, 0, 1, 1), (0, 0, 1, 0, 0), (0, 0, 1, 0, 1), (0, 0, 1, 1, 0), (0, 0, 1, 1, 1), (0, 1, 0, 0, 0), (0, 1, 0, 0, 1), (0, 1, 0, 1, 0), (0, 1, 0, 1, 1), (0, 1, 1, 0, 0), (0, 1, 1, 0, 1), (0, 1, 1, 1, 0), (0, 1, 1, 1, 1), (1, 0, 0, 0, 0), (1, 0, 0, 0, 1), (1, 0, 0, 1, 0), (1, 0, 0, 1, 1), (1, 0, 1, 0, 0), (1, 0, 1, 0, 1), (1, 0, 1, 1, 0), (1, 0, 1, 1, 1), (1, 1, 0, 0, 0), (1, 1, 0, 0, 1), (1, 1, 0, 1, 0), (1, 1, 0, 1, 1), (1, 1, 1, 0, 0), (1, 1, 1, 0, 1), (1, 1, 1, 1, 0), (1, 1, 1, 1, 1)]
total number of subsets/permutation is 32
subset_to_result_map  use set_func that is in anomaly_scores module line 208
the value of each permutation in the subset_to_result_map is the outlier score of the outlier noise in each permutation


now use the subset_to_result_map to compute shapley_values
the shapley_values is [[0. 0. 0. 0. 0.]]
estimate_shapley_values
shapley_config ShapleyApproximationMethods.AUTO
shapley_config.n_jobs -1
all_subsets is [(0, 0, 0, 0, 0), (0, 0, 0, 0, 1), (0, 0, 0, 1, 0), (0, 0, 0, 1, 1), (0, 0, 1, 0, 0), (0, 0, 1, 0, 1), (0, 0, 1, 1, 0), (0, 0, 1, 1, 1), (0, 1, 0, 0, 0), (0, 1, 0, 0, 1), (0, 1, 0, 1, 0), (0, 1, 0, 1, 1), (0, 1, 1, 0, 0), (0, 1, 1, 0, 1), (0, 1, 1, 1, 0), (0, 1, 1, 1, 1), (1, 0, 0, 0, 0), (1, 0, 0, 0, 1), (1, 0, 0, 1, 0), (1, 0, 0, 1, 1), (1, 0, 1, 0, 0), (1, 0, 1, 0, 1), (1, 0, 1, 1, 0), (1, 0, 1, 1, 1), (1, 1, 0, 0, 0), (1, 1, 0, 0, 1), (1, 1, 0, 1, 0), (1, 1, 0, 1, 1), (1, 1, 1, 0, 0), (1, 1, 1, 0, 1), (1, 1, 1, 1, 0), (1, 1, 1, 1, 1)]
total number of subsets/permutation is 32
subset_to_result_map  use set_func that is in anomaly_scores module line 208
the value of each permutation in the subset_to_result_map is the outlier score of the outlier noise in each permutation


now use the subset_to_result_map to compute shapley_values
the shapley_values is [[0. 0. 0. 0. 0.]]
estimate_shapley_values
shapley_config ShapleyApproximationMethods.AUTO
shapley_config.n_jobs -1
all_subsets is [(0, 0, 0, 0, 0), (0, 0, 0, 0, 1), (0, 0, 0, 1, 0), (0, 0, 0, 1, 1), (0, 0, 1, 0, 0), (0, 0, 1, 0, 1), (0, 0, 1, 1, 0), (0, 0, 1, 1, 1), (0, 1, 0, 0, 0), (0, 1, 0, 0, 1), (0, 1, 0, 1, 0), (0, 1, 0, 1, 1), (0, 1, 1, 0, 0), (0, 1, 1, 0, 1), (0, 1, 1, 1, 0), (0, 1, 1, 1, 1), (1, 0, 0, 0, 0), (1, 0, 0, 0, 1), (1, 0, 0, 1, 0), (1, 0, 0, 1, 1), (1, 0, 1, 0, 0), (1, 0, 1, 0, 1), (1, 0, 1, 1, 0), (1, 0, 1, 1, 1), (1, 1, 0, 0, 0), (1, 1, 0, 0, 1), (1, 1, 0, 1, 0), (1, 1, 0, 1, 1), (1, 1, 1, 0, 0), (1, 1, 1, 0, 1), (1, 1, 1, 1, 0), (1, 1, 1, 1, 1)]
total number of subsets/permutation is 32
subset_to_result_map  use set_func that is in anomaly_scores module line 208
the value of each permutation in the subset_to_result_map is the outlier score of the outlier noise in each permutation


now use the subset_to_result_map to compute shapley_values
the shapley_values is [[0. 0. 0. 0. 0.]]
estimate_shapley_values
shapley_config ShapleyApproximationMethods.AUTO
shapley_config.n_jobs -1
all_subsets is [(0, 0, 0, 0, 0), (0, 0, 0, 0, 1), (0, 0, 0, 1, 0), (0, 0, 0, 1, 1), (0, 0, 1, 0, 0), (0, 0, 1, 0, 1), (0, 0, 1, 1, 0), (0, 0, 1, 1, 1), (0, 1, 0, 0, 0), (0, 1, 0, 0, 1), (0, 1, 0, 1, 0), (0, 1, 0, 1, 1), (0, 1, 1, 0, 0), (0, 1, 1, 0, 1), (0, 1, 1, 1, 0), (0, 1, 1, 1, 1), (1, 0, 0, 0, 0), (1, 0, 0, 0, 1), (1, 0, 0, 1, 0), (1, 0, 0, 1, 1), (1, 0, 1, 0, 0), (1, 0, 1, 0, 1), (1, 0, 1, 1, 0), (1, 0, 1, 1, 1), (1, 1, 0, 0, 0), (1, 1, 0, 0, 1), (1, 1, 0, 1, 0), (1, 1, 0, 1, 1), (1, 1, 1, 0, 0), (1, 1, 1, 0, 1), (1, 1, 1, 1, 0), (1, 1, 1, 1, 1)]
total number of subsets/permutation is 32
subset_to_result_map  use set_func that is in anomaly_scores module line 208
the value of each permutation in the subset_to_result_map is the outlier score of the outlier noise in each permutation


now use the subset_to_result_map to compute shapley_values
the shapley_values is [[0. 0. 0. 0. 0.]]
Pygraphviz installation not found, falling back to networkx plotting. For better looking plots, consider installing pygraphviz. Note This requires both the Python pygraphviz package (``pip install pygraphviz``) and the shared system library (e.g. ``brew install graphviz`` or ``apt-get install graphviz``)
estimate_shapley_values
shapley_config ShapleyApproximationMethods.AUTO
shapley_config.n_jobs -1
all_subsets is [(0, 0, 0, 0, 0), (0, 0, 0, 0, 1), (0, 0, 0, 1, 0), (0, 0, 0, 1, 1), (0, 0, 1, 0, 0), (0, 0, 1, 0, 1), (0, 0, 1, 1, 0), (0, 0, 1, 1, 1), (0, 1, 0, 0, 0), (0, 1, 0, 0, 1), (0, 1, 0, 1, 0), (0, 1, 0, 1, 1), (0, 1, 1, 0, 0), (0, 1, 1, 0, 1), (0, 1, 1, 1, 0), (0, 1, 1, 1, 1), (1, 0, 0, 0, 0), (1, 0, 0, 0, 1), (1, 0, 0, 1, 0), (1, 0, 0, 1, 1), (1, 0, 1, 0, 0), (1, 0, 1, 0, 1), (1, 0, 1, 1, 0), (1, 0, 1, 1, 1), (1, 1, 0, 0, 0), (1, 1, 0, 0, 1), (1, 1, 0, 1, 0), (1, 1, 0, 1, 1), (1, 1, 1, 0, 0), (1, 1, 1, 0, 1), (1, 1, 1, 1, 0), (1, 1, 1, 1, 1)]
total number of subsets/permutation is 32
subset_to_result_map  use set_func that is in anomaly_scores module line 208
the value of each permutation in the subset_to_result_map is the outlier score of the outlier noise in each permutation


now use the subset_to_result_map to compute shapley_values
the shapley_values is [[ 7.56450704 -0.44219381  0.38863764  0.93794378 -0.44219381]]
estimate_shapley_values
shapley_config ShapleyApproximationMethods.AUTO
shapley_config.n_jobs -1
all_subsets is [(0, 0, 0, 0, 0), (0, 0, 0, 0, 1), (0, 0, 0, 1, 0), (0, 0, 0, 1, 1), (0, 0, 1, 0, 0), (0, 0, 1, 0, 1), (0, 0, 1, 1, 0), (0, 0, 1, 1, 1), (0, 1, 0, 0, 0), (0, 1, 0, 0, 1), (0, 1, 0, 1, 0), (0, 1, 0, 1, 1), (0, 1, 1, 0, 0), (0, 1, 1, 0, 1), (0, 1, 1, 1, 0), (0, 1, 1, 1, 1), (1, 0, 0, 0, 0), (1, 0, 0, 0, 1), (1, 0, 0, 1, 0), (1, 0, 0, 1, 1), (1, 0, 1, 0, 0), (1, 0, 1, 0, 1), (1, 0, 1, 1, 0), (1, 0, 1, 1, 1), (1, 1, 0, 0, 0), (1, 1, 0, 0, 1), (1, 1, 0, 1, 0), (1, 1, 0, 1, 1), (1, 1, 1, 0, 0), (1, 1, 1, 0, 1), (1, 1, 1, 1, 0), (1, 1, 1, 1, 1)]
total number of subsets/permutation is 32
subset_to_result_map  use set_func that is in anomaly_scores module line 208
the value of each permutation in the subset_to_result_map is the outlier score of the outlier noise in each permutation


now use the subset_to_result_map to compute shapley_values
the shapley_values is [[ 6.87839429  0.95957427  0.29041196  0.7319738  -0.85365348]]
estimate_shapley_values
shapley_config ShapleyApproximationMethods.AUTO
shapley_config.n_jobs -1
all_subsets is [(0, 0, 0, 0, 0), (0, 0, 0, 0, 1), (0, 0, 0, 1, 0), (0, 0, 0, 1, 1), (0, 0, 1, 0, 0), (0, 0, 1, 0, 1), (0, 0, 1, 1, 0), (0, 0, 1, 1, 1), (0, 1, 0, 0, 0), (0, 1, 0, 0, 1), (0, 1, 0, 1, 0), (0, 1, 0, 1, 1), (0, 1, 1, 0, 0), (0, 1, 1, 0, 1), (0, 1, 1, 1, 0), (0, 1, 1, 1, 1), (1, 0, 0, 0, 0), (1, 0, 0, 0, 1), (1, 0, 0, 1, 0), (1, 0, 0, 1, 1), (1, 0, 1, 0, 0), (1, 0, 1, 0, 1), (1, 0, 1, 1, 0), (1, 0, 1, 1, 1), (1, 1, 0, 0, 0), (1, 1, 0, 0, 1), (1, 1, 0, 1, 0), (1, 1, 0, 1, 1), (1, 1, 1, 0, 0), (1, 1, 1, 0, 1), (1, 1, 1, 1, 0), (1, 1, 1, 1, 1)]
total number of subsets/permutation is 32
subset_to_result_map  use set_func that is in anomaly_scores module line 208
the value of each permutation in the subset_to_result_map is the outlier score of the outlier noise in each permutation


now use the subset_to_result_map to compute shapley_values
the shapley_values is [[0. 0. 0. 0. 0.]]
estimate_shapley_values
shapley_config ShapleyApproximationMethods.AUTO
shapley_config.n_jobs -1
all_subsets is [(0, 0, 0, 0, 0), (0, 0, 0, 0, 1), (0, 0, 0, 1, 0), (0, 0, 0, 1, 1), (0, 0, 1, 0, 0), (0, 0, 1, 0, 1), (0, 0, 1, 1, 0), (0, 0, 1, 1, 1), (0, 1, 0, 0, 0), (0, 1, 0, 0, 1), (0, 1, 0, 1, 0), (0, 1, 0, 1, 1), (0, 1, 1, 0, 0), (0, 1, 1, 0, 1), (0, 1, 1, 1, 0), (0, 1, 1, 1, 1), (1, 0, 0, 0, 0), (1, 0, 0, 0, 1), (1, 0, 0, 1, 0), (1, 0, 0, 1, 1), (1, 0, 1, 0, 0), (1, 0, 1, 0, 1), (1, 0, 1, 1, 0), (1, 0, 1, 1, 1), (1, 1, 0, 0, 0), (1, 1, 0, 0, 1), (1, 1, 0, 1, 0), (1, 1, 0, 1, 1), (1, 1, 1, 0, 0), (1, 1, 1, 0, 1), (1, 1, 1, 1, 0), (1, 1, 1, 1, 1)]
total number of subsets/permutation is 32
subset_to_result_map  use set_func that is in anomaly_scores module line 208
the value of each permutation in the subset_to_result_map is the outlier score of the outlier noise in each permutation


now use the subset_to_result_map to compute shapley_values
the shapley_values is [[0. 0. 0. 0. 0.]]
estimate_shapley_values
shapley_config ShapleyApproximationMethods.AUTO
shapley_config.n_jobs -1
all_subsets is [(0, 0, 0, 0, 0), (0, 0, 0, 0, 1), (0, 0, 0, 1, 0), (0, 0, 0, 1, 1), (0, 0, 1, 0, 0), (0, 0, 1, 0, 1), (0, 0, 1, 1, 0), (0, 0, 1, 1, 1), (0, 1, 0, 0, 0), (0, 1, 0, 0, 1), (0, 1, 0, 1, 0), (0, 1, 0, 1, 1), (0, 1, 1, 0, 0), (0, 1, 1, 0, 1), (0, 1, 1, 1, 0), (0, 1, 1, 1, 1), (1, 0, 0, 0, 0), (1, 0, 0, 0, 1), (1, 0, 0, 1, 0), (1, 0, 0, 1, 1), (1, 0, 1, 0, 0), (1, 0, 1, 0, 1), (1, 0, 1, 1, 0), (1, 0, 1, 1, 1), (1, 1, 0, 0, 0), (1, 1, 0, 0, 1), (1, 1, 0, 1, 0), (1, 1, 0, 1, 1), (1, 1, 1, 0, 0), (1, 1, 1, 0, 1), (1, 1, 1, 1, 0), (1, 1, 1, 1, 1)]
total number of subsets/permutation is 32
subset_to_result_map  use set_func that is in anomaly_scores module line 208
the value of each permutation in the subset_to_result_map is the outlier score of the outlier noise in each permutation


now use the subset_to_result_map to compute shapley_values
the shapley_values is [[ 4.60460333 -0.13587212  3.09245853  0.26460714  0.18090396]]
estimate_shapley_values
shapley_config ShapleyApproximationMethods.AUTO
shapley_config.n_jobs -1
all_subsets is [(0, 0, 0, 0, 0), (0, 0, 0, 0, 1), (0, 0, 0, 1, 0), (0, 0, 0, 1, 1), (0, 0, 1, 0, 0), (0, 0, 1, 0, 1), (0, 0, 1, 1, 0), (0, 0, 1, 1, 1), (0, 1, 0, 0, 0), (0, 1, 0, 0, 1), (0, 1, 0, 1, 0), (0, 1, 0, 1, 1), (0, 1, 1, 0, 0), (0, 1, 1, 0, 1), (0, 1, 1, 1, 0), (0, 1, 1, 1, 1), (1, 0, 0, 0, 0), (1, 0, 0, 0, 1), (1, 0, 0, 1, 0), (1, 0, 0, 1, 1), (1, 0, 1, 0, 0), (1, 0, 1, 0, 1), (1, 0, 1, 1, 0), (1, 0, 1, 1, 1), (1, 1, 0, 0, 0), (1, 1, 0, 0, 1), (1, 1, 0, 1, 0), (1, 1, 0, 1, 1), (1, 1, 1, 0, 0), (1, 1, 1, 0, 1), (1, 1, 1, 1, 0), (1, 1, 1, 1, 1)]
total number of subsets/permutation is 32
subset_to_result_map  use set_func that is in anomaly_scores module line 208
the value of each permutation in the subset_to_result_map is the outlier score of the outlier noise in each permutation


now use the subset_to_result_map to compute shapley_values
the shapley_values is [[0. 0. 0. 0. 0.]]
estimate_shapley_values
shapley_config ShapleyApproximationMethods.AUTO
shapley_config.n_jobs -1
all_subsets is [(0, 0, 0, 0, 0), (0, 0, 0, 0, 1), (0, 0, 0, 1, 0), (0, 0, 0, 1, 1), (0, 0, 1, 0, 0), (0, 0, 1, 0, 1), (0, 0, 1, 1, 0), (0, 0, 1, 1, 1), (0, 1, 0, 0, 0), (0, 1, 0, 0, 1), (0, 1, 0, 1, 0), (0, 1, 0, 1, 1), (0, 1, 1, 0, 0), (0, 1, 1, 0, 1), (0, 1, 1, 1, 0), (0, 1, 1, 1, 1), (1, 0, 0, 0, 0), (1, 0, 0, 0, 1), (1, 0, 0, 1, 0), (1, 0, 0, 1, 1), (1, 0, 1, 0, 0), (1, 0, 1, 0, 1), (1, 0, 1, 1, 0), (1, 0, 1, 1, 1), (1, 1, 0, 0, 0), (1, 1, 0, 0, 1), (1, 1, 0, 1, 0), (1, 1, 0, 1, 1), (1, 1, 1, 0, 0), (1, 1, 1, 0, 1), (1, 1, 1, 1, 0), (1, 1, 1, 1, 1)]
total number of subsets/permutation is 32
subset_to_result_map  use set_func that is in anomaly_scores module line 208
the value of each permutation in the subset_to_result_map is the outlier score of the outlier noise in each permutation


now use the subset_to_result_map to compute shapley_values
the shapley_values is [[ 6.64027698 -0.23848215  1.35569499  0.95994703 -0.71073601]]
estimate_shapley_values
shapley_config ShapleyApproximationMethods.AUTO
shapley_config.n_jobs -1
all_subsets is [(0, 0, 0, 0, 0), (0, 0, 0, 0, 1), (0, 0, 0, 1, 0), (0, 0, 0, 1, 1), (0, 0, 1, 0, 0), (0, 0, 1, 0, 1), (0, 0, 1, 1, 0), (0, 0, 1, 1, 1), (0, 1, 0, 0, 0), (0, 1, 0, 0, 1), (0, 1, 0, 1, 0), (0, 1, 0, 1, 1), (0, 1, 1, 0, 0), (0, 1, 1, 0, 1), (0, 1, 1, 1, 0), (0, 1, 1, 1, 1), (1, 0, 0, 0, 0), (1, 0, 0, 0, 1), (1, 0, 0, 1, 0), (1, 0, 0, 1, 1), (1, 0, 1, 0, 0), (1, 0, 1, 0, 1), (1, 0, 1, 1, 0), (1, 0, 1, 1, 1), (1, 1, 0, 0, 0), (1, 1, 0, 0, 1), (1, 1, 0, 1, 0), (1, 1, 0, 1, 1), (1, 1, 1, 0, 0), (1, 1, 1, 0, 1), (1, 1, 1, 1, 0), (1, 1, 1, 1, 1)]
total number of subsets/permutation is 32
subset_to_result_map  use set_func that is in anomaly_scores module line 208
the value of each permutation in the subset_to_result_map is the outlier score of the outlier noise in each permutation


now use the subset_to_result_map to compute shapley_values
the shapley_values is [[0. 0. 0. 0. 0.]]
estimate_shapley_values
shapley_config ShapleyApproximationMethods.AUTO
shapley_config.n_jobs -1
all_subsets is [(0, 0, 0, 0, 0), (0, 0, 0, 0, 1), (0, 0, 0, 1, 0), (0, 0, 0, 1, 1), (0, 0, 1, 0, 0), (0, 0, 1, 0, 1), (0, 0, 1, 1, 0), (0, 0, 1, 1, 1), (0, 1, 0, 0, 0), (0, 1, 0, 0, 1), (0, 1, 0, 1, 0), (0, 1, 0, 1, 1), (0, 1, 1, 0, 0), (0, 1, 1, 0, 1), (0, 1, 1, 1, 0), (0, 1, 1, 1, 1), (1, 0, 0, 0, 0), (1, 0, 0, 0, 1), (1, 0, 0, 1, 0), (1, 0, 0, 1, 1), (1, 0, 1, 0, 0), (1, 0, 1, 0, 1), (1, 0, 1, 1, 0), (1, 0, 1, 1, 1), (1, 1, 0, 0, 0), (1, 1, 0, 0, 1), (1, 1, 0, 1, 0), (1, 1, 0, 1, 1), (1, 1, 1, 0, 0), (1, 1, 1, 0, 1), (1, 1, 1, 1, 0), (1, 1, 1, 1, 1)]
total number of subsets/permutation is 32
subset_to_result_map  use set_func that is in anomaly_scores module line 208
the value of each permutation in the subset_to_result_map is the outlier score of the outlier noise in each permutation


now use the subset_to_result_map to compute shapley_values
the shapley_values is [[0. 0. 0. 0. 0.]]
estimate_shapley_values
shapley_config ShapleyApproximationMethods.AUTO
shapley_config.n_jobs -1
all_subsets is [(0, 0, 0, 0, 0), (0, 0, 0, 0, 1), (0, 0, 0, 1, 0), (0, 0, 0, 1, 1), (0, 0, 1, 0, 0), (0, 0, 1, 0, 1), (0, 0, 1, 1, 0), (0, 0, 1, 1, 1), (0, 1, 0, 0, 0), (0, 1, 0, 0, 1), (0, 1, 0, 1, 0), (0, 1, 0, 1, 1), (0, 1, 1, 0, 0), (0, 1, 1, 0, 1), (0, 1, 1, 1, 0), (0, 1, 1, 1, 1), (1, 0, 0, 0, 0), (1, 0, 0, 0, 1), (1, 0, 0, 1, 0), (1, 0, 0, 1, 1), (1, 0, 1, 0, 0), (1, 0, 1, 0, 1), (1, 0, 1, 1, 0), (1, 0, 1, 1, 1), (1, 1, 0, 0, 0), (1, 1, 0, 0, 1), (1, 1, 0, 1, 0), (1, 1, 0, 1, 1), (1, 1, 1, 0, 0), (1, 1, 1, 0, 1), (1, 1, 1, 1, 0), (1, 1, 1, 1, 1)]
total number of subsets/permutation is 32
subset_to_result_map  use set_func that is in anomaly_scores module line 208
the value of each permutation in the subset_to_result_map is the outlier score of the outlier noise in each permutation


now use the subset_to_result_map to compute shapley_values
the shapley_values is [[0. 0. 0. 0. 0.]]
estimate_shapley_values
shapley_config ShapleyApproximationMethods.AUTO
shapley_config.n_jobs -1
all_subsets is [(0, 0, 0, 0, 0), (0, 0, 0, 0, 1), (0, 0, 0, 1, 0), (0, 0, 0, 1, 1), (0, 0, 1, 0, 0), (0, 0, 1, 0, 1), (0, 0, 1, 1, 0), (0, 0, 1, 1, 1), (0, 1, 0, 0, 0), (0, 1, 0, 0, 1), (0, 1, 0, 1, 0), (0, 1, 0, 1, 1), (0, 1, 1, 0, 0), (0, 1, 1, 0, 1), (0, 1, 1, 1, 0), (0, 1, 1, 1, 1), (1, 0, 0, 0, 0), (1, 0, 0, 0, 1), (1, 0, 0, 1, 0), (1, 0, 0, 1, 1), (1, 0, 1, 0, 0), (1, 0, 1, 0, 1), (1, 0, 1, 1, 0), (1, 0, 1, 1, 1), (1, 1, 0, 0, 0), (1, 1, 0, 0, 1), (1, 1, 0, 1, 0), (1, 1, 0, 1, 1), (1, 1, 1, 0, 0), (1, 1, 1, 0, 1), (1, 1, 1, 1, 0), (1, 1, 1, 1, 1)]
total number of subsets/permutation is 32
subset_to_result_map  use set_func that is in anomaly_scores module line 208
the value of each permutation in the subset_to_result_map is the outlier score of the outlier noise in each permutation


now use the subset_to_result_map to compute shapley_values
the shapley_values is [[0. 0. 0. 0. 0.]]
estimate_shapley_values
shapley_config ShapleyApproximationMethods.AUTO
shapley_config.n_jobs -1
all_subsets is [(0, 0, 0, 0, 0), (0, 0, 0, 0, 1), (0, 0, 0, 1, 0), (0, 0, 0, 1, 1), (0, 0, 1, 0, 0), (0, 0, 1, 0, 1), (0, 0, 1, 1, 0), (0, 0, 1, 1, 1), (0, 1, 0, 0, 0), (0, 1, 0, 0, 1), (0, 1, 0, 1, 0), (0, 1, 0, 1, 1), (0, 1, 1, 0, 0), (0, 1, 1, 0, 1), (0, 1, 1, 1, 0), (0, 1, 1, 1, 1), (1, 0, 0, 0, 0), (1, 0, 0, 0, 1), (1, 0, 0, 1, 0), (1, 0, 0, 1, 1), (1, 0, 1, 0, 0), (1, 0, 1, 0, 1), (1, 0, 1, 1, 0), (1, 0, 1, 1, 1), (1, 1, 0, 0, 0), (1, 1, 0, 0, 1), (1, 1, 0, 1, 0), (1, 1, 0, 1, 1), (1, 1, 1, 0, 0), (1, 1, 1, 0, 1), (1, 1, 1, 1, 0), (1, 1, 1, 1, 1)]
total number of subsets/permutation is 32
subset_to_result_map  use set_func that is in anomaly_scores module line 208
the value of each permutation in the subset_to_result_map is the outlier score of the outlier noise in each permutation


now use the subset_to_result_map to compute shapley_values
the shapley_values is [[ 4.38535451 -0.10041288  2.94657352 -0.12457694  0.89976263]]
estimate_shapley_values
shapley_config ShapleyApproximationMethods.AUTO
shapley_config.n_jobs -1
all_subsets is [(0, 0, 0, 0, 0), (0, 0, 0, 0, 1), (0, 0, 0, 1, 0), (0, 0, 0, 1, 1), (0, 0, 1, 0, 0), (0, 0, 1, 0, 1), (0, 0, 1, 1, 0), (0, 0, 1, 1, 1), (0, 1, 0, 0, 0), (0, 1, 0, 0, 1), (0, 1, 0, 1, 0), (0, 1, 0, 1, 1), (0, 1, 1, 0, 0), (0, 1, 1, 0, 1), (0, 1, 1, 1, 0), (0, 1, 1, 1, 1), (1, 0, 0, 0, 0), (1, 0, 0, 0, 1), (1, 0, 0, 1, 0), (1, 0, 0, 1, 1), (1, 0, 1, 0, 0), (1, 0, 1, 0, 1), (1, 0, 1, 1, 0), (1, 0, 1, 1, 1), (1, 1, 0, 0, 0), (1, 1, 0, 0, 1), (1, 1, 0, 1, 0), (1, 1, 0, 1, 1), (1, 1, 1, 0, 0), (1, 1, 1, 0, 1), (1, 1, 1, 1, 0), (1, 1, 1, 1, 1)]
total number of subsets/permutation is 32
subset_to_result_map  use set_func that is in anomaly_scores module line 208
estimate_shapley_values
shapley_config ShapleyApproximationMethods.AUTO
shapley_config.n_jobs -1
all_subsets is [(0, 0, 0, 0, 0), (0, 0, 0, 0, 1), (0, 0, 0, 1, 0), (0, 0, 0, 1, 1), (0, 0, 1, 0, 0), (0, 0, 1, 0, 1), (0, 0, 1, 1, 0), (0, 0, 1, 1, 1), (0, 1, 0, 0, 0), (0, 1, 0, 0, 1), (0, 1, 0, 1, 0), (0, 1, 0, 1, 1), (0, 1, 1, 0, 0), (0, 1, 1, 0, 1), (0, 1, 1, 1, 0), (0, 1, 1, 1, 1), (1, 0, 0, 0, 0), (1, 0, 0, 0, 1), (1, 0, 0, 1, 0), (1, 0, 0, 1, 1), (1, 0, 1, 0, 0), (1, 0, 1, 0, 1), (1, 0, 1, 1, 0), (1, 0, 1, 1, 1), (1, 1, 0, 0, 0), (1, 1, 0, 0, 1), (1, 1, 0, 1, 0), (1, 1, 0, 1, 1), (1, 1, 1, 0, 0), (1, 1, 1, 0, 1), (1, 1, 1, 1, 0), (1, 1, 1, 1, 1)]
total number of subsets/permutation is 32
subset_to_result_map  use set_func that is in anomaly_scores module line 208
the value of each permutation in the subset_to_result_map is the outlier score of the outlier noise in each permutation


now use the subset_to_result_map to compute shapley_values
the shapley_values is [[ 6.95367238  0.30523542  0.894149    0.90667252 -1.05302847]]
estimate_shapley_values
shapley_config ShapleyApproximationMethods.AUTO
shapley_config.n_jobs -1
all_subsets is [(0, 0, 0, 0, 0), (0, 0, 0, 0, 1), (0, 0, 0, 1, 0), (0, 0, 0, 1, 1), (0, 0, 1, 0, 0), (0, 0, 1, 0, 1), (0, 0, 1, 1, 0), (0, 0, 1, 1, 1), (0, 1, 0, 0, 0), (0, 1, 0, 0, 1), (0, 1, 0, 1, 0), (0, 1, 0, 1, 1), (0, 1, 1, 0, 0), (0, 1, 1, 0, 1), (0, 1, 1, 1, 0), (0, 1, 1, 1, 1), (1, 0, 0, 0, 0), (1, 0, 0, 0, 1), (1, 0, 0, 1, 0), (1, 0, 0, 1, 1), (1, 0, 1, 0, 0), (1, 0, 1, 0, 1), (1, 0, 1, 1, 0), (1, 0, 1, 1, 1), (1, 1, 0, 0, 0), (1, 1, 0, 0, 1), (1, 1, 0, 1, 0), (1, 1, 0, 1, 1), (1, 1, 1, 0, 0), (1, 1, 1, 0, 1), (1, 1, 1, 1, 0), (1, 1, 1, 1, 1)]
total number of subsets/permutation is 32
subset_to_result_map  use set_func that is in anomaly_scores module line 208
the value of each permutation in the subset_to_result_map is the outlier score of the outlier noise in each permutation


now use the subset_to_result_map to compute shapley_values
the shapley_values is [[0. 0. 0. 0. 0.]]
estimate_shapley_values
shapley_config ShapleyApproximationMethods.AUTO
shapley_config.n_jobs -1
all_subsets is [(0, 0, 0, 0, 0), (0, 0, 0, 0, 1), (0, 0, 0, 1, 0), (0, 0, 0, 1, 1), (0, 0, 1, 0, 0), (0, 0, 1, 0, 1), (0, 0, 1, 1, 0), (0, 0, 1, 1, 1), (0, 1, 0, 0, 0), (0, 1, 0, 0, 1), (0, 1, 0, 1, 0), (0, 1, 0, 1, 1), (0, 1, 1, 0, 0), (0, 1, 1, 0, 1), (0, 1, 1, 1, 0), (0, 1, 1, 1, 1), (1, 0, 0, 0, 0), (1, 0, 0, 0, 1), (1, 0, 0, 1, 0), (1, 0, 0, 1, 1), (1, 0, 1, 0, 0), (1, 0, 1, 0, 1), (1, 0, 1, 1, 0), (1, 0, 1, 1, 1), (1, 1, 0, 0, 0), (1, 1, 0, 0, 1), (1, 1, 0, 1, 0), (1, 1, 0, 1, 1), (1, 1, 1, 0, 0), (1, 1, 1, 0, 1), (1, 1, 1, 1, 0), (1, 1, 1, 1, 1)]
total number of subsets/permutation is 32
subset_to_result_map  use set_func that is in anomaly_scores module line 208
the value of each permutation in the subset_to_result_map is the outlier score of the outlier noise in each permutation


now use the subset_to_result_map to compute shapley_values
the shapley_values is [[0. 0. 0. 0. 0.]]
estimate_shapley_values
shapley_config ShapleyApproximationMethods.AUTO
shapley_config.n_jobs -1
all_subsets is [(0, 0, 0, 0, 0), (0, 0, 0, 0, 1), (0, 0, 0, 1, 0), (0, 0, 0, 1, 1), (0, 0, 1, 0, 0), (0, 0, 1, 0, 1), (0, 0, 1, 1, 0), (0, 0, 1, 1, 1), (0, 1, 0, 0, 0), (0, 1, 0, 0, 1), (0, 1, 0, 1, 0), (0, 1, 0, 1, 1), (0, 1, 1, 0, 0), (0, 1, 1, 0, 1), (0, 1, 1, 1, 0), (0, 1, 1, 1, 1), (1, 0, 0, 0, 0), (1, 0, 0, 0, 1), (1, 0, 0, 1, 0), (1, 0, 0, 1, 1), (1, 0, 1, 0, 0), (1, 0, 1, 0, 1), (1, 0, 1, 1, 0), (1, 0, 1, 1, 1), (1, 1, 0, 0, 0), (1, 1, 0, 0, 1), (1, 1, 0, 1, 0), (1, 1, 0, 1, 1), (1, 1, 1, 0, 0), (1, 1, 1, 0, 1), (1, 1, 1, 1, 0), (1, 1, 1, 1, 1)]
total number of subsets/permutation is 32
subset_to_result_map  use set_func that is in anomaly_scores module line 208
estimate_shapley_values
shapley_config ShapleyApproximationMethods.AUTO
shapley_config.n_jobs -1
all_subsets is [(0, 0, 0, 0, 0), (0, 0, 0, 0, 1), (0, 0, 0, 1, 0), (0, 0, 0, 1, 1), (0, 0, 1, 0, 0), (0, 0, 1, 0, 1), (0, 0, 1, 1, 0), (0, 0, 1, 1, 1), (0, 1, 0, 0, 0), (0, 1, 0, 0, 1), (0, 1, 0, 1, 0), (0, 1, 0, 1, 1), (0, 1, 1, 0, 0), (0, 1, 1, 0, 1), (0, 1, 1, 1, 0), (0, 1, 1, 1, 1), (1, 0, 0, 0, 0), (1, 0, 0, 0, 1), (1, 0, 0, 1, 0), (1, 0, 0, 1, 1), (1, 0, 1, 0, 0), (1, 0, 1, 0, 1), (1, 0, 1, 1, 0), (1, 0, 1, 1, 1), (1, 1, 0, 0, 0), (1, 1, 0, 0, 1), (1, 1, 0, 1, 0), (1, 1, 0, 1, 1), (1, 1, 1, 0, 0), (1, 1, 1, 0, 1), (1, 1, 1, 1, 0), (1, 1, 1, 1, 1)]
total number of subsets/permutation is 32
subset_to_result_map  use set_func that is in anomaly_scores module line 208
the value of each permutation in the subset_to_result_map is the outlier score of the outlier noise in each permutation


now use the subset_to_result_map to compute shapley_values
the shapley_values is [[0. 0. 0. 0. 0.]]
estimate_shapley_values
shapley_config ShapleyApproximationMethods.AUTO
shapley_config.n_jobs -1
all_subsets is [(0, 0, 0, 0, 0), (0, 0, 0, 0, 1), (0, 0, 0, 1, 0), (0, 0, 0, 1, 1), (0, 0, 1, 0, 0), (0, 0, 1, 0, 1), (0, 0, 1, 1, 0), (0, 0, 1, 1, 1), (0, 1, 0, 0, 0), (0, 1, 0, 0, 1), (0, 1, 0, 1, 0), (0, 1, 0, 1, 1), (0, 1, 1, 0, 0), (0, 1, 1, 0, 1), (0, 1, 1, 1, 0), (0, 1, 1, 1, 1), (1, 0, 0, 0, 0), (1, 0, 0, 0, 1), (1, 0, 0, 1, 0), (1, 0, 0, 1, 1), (1, 0, 1, 0, 0), (1, 0, 1, 0, 1), (1, 0, 1, 1, 0), (1, 0, 1, 1, 1), (1, 1, 0, 0, 0), (1, 1, 0, 0, 1), (1, 1, 0, 1, 0), (1, 1, 0, 1, 1), (1, 1, 1, 0, 0), (1, 1, 1, 0, 1), (1, 1, 1, 1, 0), (1, 1, 1, 1, 1)]
total number of subsets/permutation is 32
subset_to_result_map  use set_func that is in anomaly_scores module line 208
the value of each permutation in the subset_to_result_map is the outlier score of the outlier noise in each permutation


now use the subset_to_result_map to compute shapley_values
the shapley_values is [[0. 0. 0. 0. 0.]]
estimate_shapley_values
shapley_config ShapleyApproximationMethods.AUTO
shapley_config.n_jobs -1
all_subsets is [(0, 0, 0, 0, 0), (0, 0, 0, 0, 1), (0, 0, 0, 1, 0), (0, 0, 0, 1, 1), (0, 0, 1, 0, 0), (0, 0, 1, 0, 1), (0, 0, 1, 1, 0), (0, 0, 1, 1, 1), (0, 1, 0, 0, 0), (0, 1, 0, 0, 1), (0, 1, 0, 1, 0), (0, 1, 0, 1, 1), (0, 1, 1, 0, 0), (0, 1, 1, 0, 1), (0, 1, 1, 1, 0), (0, 1, 1, 1, 1), (1, 0, 0, 0, 0), (1, 0, 0, 0, 1), (1, 0, 0, 1, 0), (1, 0, 0, 1, 1), (1, 0, 1, 0, 0), (1, 0, 1, 0, 1), (1, 0, 1, 1, 0), (1, 0, 1, 1, 1), (1, 1, 0, 0, 0), (1, 1, 0, 0, 1), (1, 1, 0, 1, 0), (1, 1, 0, 1, 1), (1, 1, 1, 0, 0), (1, 1, 1, 0, 1), (1, 1, 1, 1, 0), (1, 1, 1, 1, 1)]
total number of subsets/permutation is 32
subset_to_result_map  use set_func that is in anomaly_scores module line 208
the value of each permutation in the subset_to_result_map is the outlier score of the outlier noise in each permutation


now use the subset_to_result_map to compute shapley_values
the shapley_values is [[0. 0. 0. 0. 0.]]
estimate_shapley_values
shapley_config ShapleyApproximationMethods.AUTO
shapley_config.n_jobs -1
all_subsets is [(0, 0, 0, 0, 0), (0, 0, 0, 0, 1), (0, 0, 0, 1, 0), (0, 0, 0, 1, 1), (0, 0, 1, 0, 0), (0, 0, 1, 0, 1), (0, 0, 1, 1, 0), (0, 0, 1, 1, 1), (0, 1, 0, 0, 0), (0, 1, 0, 0, 1), (0, 1, 0, 1, 0), (0, 1, 0, 1, 1), (0, 1, 1, 0, 0), (0, 1, 1, 0, 1), (0, 1, 1, 1, 0), (0, 1, 1, 1, 1), (1, 0, 0, 0, 0), (1, 0, 0, 0, 1), (1, 0, 0, 1, 0), (1, 0, 0, 1, 1), (1, 0, 1, 0, 0), (1, 0, 1, 0, 1), (1, 0, 1, 1, 0), (1, 0, 1, 1, 1), (1, 1, 0, 0, 0), (1, 1, 0, 0, 1), (1, 1, 0, 1, 0), (1, 1, 0, 1, 1), (1, 1, 1, 0, 0), (1, 1, 1, 0, 1), (1, 1, 1, 1, 0), (1, 1, 1, 1, 1)]
total number of subsets/permutation is 32
subset_to_result_map  use set_func that is in anomaly_scores module line 208
the value of each permutation in the subset_to_result_map is the outlier score of the outlier noise in each permutation


now use the subset_to_result_map to compute shapley_values
the shapley_values is [[ 7.32027367  0.99809198  0.50218253 -0.12742017 -0.68642717]]
estimate_shapley_values
shapley_config ShapleyApproximationMethods.AUTO
shapley_config.n_jobs -1
all_subsets is [(0, 0, 0, 0, 0), (0, 0, 0, 0, 1), (0, 0, 0, 1, 0), (0, 0, 0, 1, 1), (0, 0, 1, 0, 0), (0, 0, 1, 0, 1), (0, 0, 1, 1, 0), (0, 0, 1, 1, 1), (0, 1, 0, 0, 0), (0, 1, 0, 0, 1), (0, 1, 0, 1, 0), (0, 1, 0, 1, 1), (0, 1, 1, 0, 0), (0, 1, 1, 0, 1), (0, 1, 1, 1, 0), (0, 1, 1, 1, 1), (1, 0, 0, 0, 0), (1, 0, 0, 0, 1), (1, 0, 0, 1, 0), (1, 0, 0, 1, 1), (1, 0, 1, 0, 0), (1, 0, 1, 0, 1), (1, 0, 1, 1, 0), (1, 0, 1, 1, 1), (1, 1, 0, 0, 0), (1, 1, 0, 0, 1), (1, 1, 0, 1, 0), (1, 1, 0, 1, 1), (1, 1, 1, 0, 0), (1, 1, 1, 0, 1), (1, 1, 1, 1, 0), (1, 1, 1, 1, 1)]
total number of subsets/permutation is 32
subset_to_result_map  use set_func that is in anomaly_scores module line 208
the value of each permutation in the subset_to_result_map is the outlier score of the outlier noise in each permutation


now use the subset_to_result_map to compute shapley_values
the shapley_values is [[0. 0. 0. 0. 0.]]
estimate_shapley_values
shapley_config ShapleyApproximationMethods.AUTO
shapley_config.n_jobs -1
all_subsets is [(0, 0, 0, 0, 0), (0, 0, 0, 0, 1), (0, 0, 0, 1, 0), (0, 0, 0, 1, 1), (0, 0, 1, 0, 0), (0, 0, 1, 0, 1), (0, 0, 1, 1, 0), (0, 0, 1, 1, 1), (0, 1, 0, 0, 0), (0, 1, 0, 0, 1), (0, 1, 0, 1, 0), (0, 1, 0, 1, 1), (0, 1, 1, 0, 0), (0, 1, 1, 0, 1), (0, 1, 1, 1, 0), (0, 1, 1, 1, 1), (1, 0, 0, 0, 0), (1, 0, 0, 0, 1), (1, 0, 0, 1, 0), (1, 0, 0, 1, 1), (1, 0, 1, 0, 0), (1, 0, 1, 0, 1), (1, 0, 1, 1, 0), (1, 0, 1, 1, 1), (1, 1, 0, 0, 0), (1, 1, 0, 0, 1), (1, 1, 0, 1, 0), (1, 1, 0, 1, 1), (1, 1, 1, 0, 0), (1, 1, 1, 0, 1), (1, 1, 1, 1, 0), (1, 1, 1, 1, 1)]
total number of subsets/permutation is 32
subset_to_result_map  use set_func that is in anomaly_scores module line 208
the value of each permutation in the subset_to_result_map is the outlier score of the outlier noise in each permutation


now use the subset_to_result_map to compute shapley_values
the shapley_values is [[0. 0. 0. 0. 0.]]
estimate_shapley_values
shapley_config ShapleyApproximationMethods.AUTO
shapley_config.n_jobs -1
all_subsets is [(0, 0, 0, 0, 0), (0, 0, 0, 0, 1), (0, 0, 0, 1, 0), (0, 0, 0, 1, 1), (0, 0, 1, 0, 0), (0, 0, 1, 0, 1), (0, 0, 1, 1, 0), (0, 0, 1, 1, 1), (0, 1, 0, 0, 0), (0, 1, 0, 0, 1), (0, 1, 0, 1, 0), (0, 1, 0, 1, 1), (0, 1, 1, 0, 0), (0, 1, 1, 0, 1), (0, 1, 1, 1, 0), (0, 1, 1, 1, 1), (1, 0, 0, 0, 0), (1, 0, 0, 0, 1), (1, 0, 0, 1, 0), (1, 0, 0, 1, 1), (1, 0, 1, 0, 0), (1, 0, 1, 0, 1), (1, 0, 1, 1, 0), (1, 0, 1, 1, 1), (1, 1, 0, 0, 0), (1, 1, 0, 0, 1), (1, 1, 0, 1, 0), (1, 1, 0, 1, 1), (1, 1, 1, 0, 0), (1, 1, 1, 0, 1), (1, 1, 1, 1, 0), (1, 1, 1, 1, 1)]
total number of subsets/permutation is 32
subset_to_result_map  use set_func that is in anomaly_scores module line 208
the value of each permutation in the subset_to_result_map is the outlier score of the outlier noise in each permutation


now use the subset_to_result_map to compute shapley_values
the shapley_values is [[0. 0. 0. 0. 0.]]
estimate_shapley_values
shapley_config ShapleyApproximationMethods.AUTO
shapley_config.n_jobs -1
all_subsets is [(0, 0, 0, 0, 0), (0, 0, 0, 0, 1), (0, 0, 0, 1, 0), (0, 0, 0, 1, 1), (0, 0, 1, 0, 0), (0, 0, 1, 0, 1), (0, 0, 1, 1, 0), (0, 0, 1, 1, 1), (0, 1, 0, 0, 0), (0, 1, 0, 0, 1), (0, 1, 0, 1, 0), (0, 1, 0, 1, 1), (0, 1, 1, 0, 0), (0, 1, 1, 0, 1), (0, 1, 1, 1, 0), (0, 1, 1, 1, 1), (1, 0, 0, 0, 0), (1, 0, 0, 0, 1), (1, 0, 0, 1, 0), (1, 0, 0, 1, 1), (1, 0, 1, 0, 0), (1, 0, 1, 0, 1), (1, 0, 1, 1, 0), (1, 0, 1, 1, 1), (1, 1, 0, 0, 0), (1, 1, 0, 0, 1), (1, 1, 0, 1, 0), (1, 1, 0, 1, 1), (1, 1, 1, 0, 0), (1, 1, 1, 0, 1), (1, 1, 1, 1, 0), (1, 1, 1, 1, 1)]
total number of subsets/permutation is 32
subset_to_result_map  use set_func that is in anomaly_scores module line 208
estimate_shapley_values
shapley_config ShapleyApproximationMethods.AUTO
shapley_config.n_jobs -1
all_subsets is [(0, 0, 0, 0, 0), (0, 0, 0, 0, 1), (0, 0, 0, 1, 0), (0, 0, 0, 1, 1), (0, 0, 1, 0, 0), (0, 0, 1, 0, 1), (0, 0, 1, 1, 0), (0, 0, 1, 1, 1), (0, 1, 0, 0, 0), (0, 1, 0, 0, 1), (0, 1, 0, 1, 0), (0, 1, 0, 1, 1), (0, 1, 1, 0, 0), (0, 1, 1, 0, 1), (0, 1, 1, 1, 0), (0, 1, 1, 1, 1), (1, 0, 0, 0, 0), (1, 0, 0, 0, 1), (1, 0, 0, 1, 0), (1, 0, 0, 1, 1), (1, 0, 1, 0, 0), (1, 0, 1, 0, 1), (1, 0, 1, 1, 0), (1, 0, 1, 1, 1), (1, 1, 0, 0, 0), (1, 1, 0, 0, 1), (1, 1, 0, 1, 0), (1, 1, 0, 1, 1), (1, 1, 1, 0, 0), (1, 1, 1, 0, 1), (1, 1, 1, 1, 0), (1, 1, 1, 1, 1)]
total number of subsets/permutation is 32
subset_to_result_map  use set_func that is in anomaly_scores module line 208
the value of each permutation in the subset_to_result_map is the outlier score of the outlier noise in each permutation


now use the subset_to_result_map to compute shapley_values
the shapley_values is [[0. 0. 0. 0. 0.]]
estimate_shapley_values
shapley_config ShapleyApproximationMethods.AUTO
shapley_config.n_jobs -1
all_subsets is [(0, 0, 0, 0, 0), (0, 0, 0, 0, 1), (0, 0, 0, 1, 0), (0, 0, 0, 1, 1), (0, 0, 1, 0, 0), (0, 0, 1, 0, 1), (0, 0, 1, 1, 0), (0, 0, 1, 1, 1), (0, 1, 0, 0, 0), (0, 1, 0, 0, 1), (0, 1, 0, 1, 0), (0, 1, 0, 1, 1), (0, 1, 1, 0, 0), (0, 1, 1, 0, 1), (0, 1, 1, 1, 0), (0, 1, 1, 1, 1), (1, 0, 0, 0, 0), (1, 0, 0, 0, 1), (1, 0, 0, 1, 0), (1, 0, 0, 1, 1), (1, 0, 1, 0, 0), (1, 0, 1, 0, 1), (1, 0, 1, 1, 0), (1, 0, 1, 1, 1), (1, 1, 0, 0, 0), (1, 1, 0, 0, 1), (1, 1, 0, 1, 0), (1, 1, 0, 1, 1), (1, 1, 1, 0, 0), (1, 1, 1, 0, 1), (1, 1, 1, 1, 0), (1, 1, 1, 1, 1)]
total number of subsets/permutation is 32
subset_to_result_map  use set_func that is in anomaly_scores module line 208
the value of each permutation in the subset_to_result_map is the outlier score of the outlier noise in each permutation


now use the subset_to_result_map to compute shapley_values
the shapley_values is [[ 4.17375107  1.37013881  1.70160364  1.09628166 -0.33507433]]
estimate_shapley_values
shapley_config ShapleyApproximationMethods.AUTO
shapley_config.n_jobs -1
all_subsets is [(0, 0, 0, 0, 0), (0, 0, 0, 0, 1), (0, 0, 0, 1, 0), (0, 0, 0, 1, 1), (0, 0, 1, 0, 0), (0, 0, 1, 0, 1), (0, 0, 1, 1, 0), (0, 0, 1, 1, 1), (0, 1, 0, 0, 0), (0, 1, 0, 0, 1), (0, 1, 0, 1, 0), (0, 1, 0, 1, 1), (0, 1, 1, 0, 0), (0, 1, 1, 0, 1), (0, 1, 1, 1, 0), (0, 1, 1, 1, 1), (1, 0, 0, 0, 0), (1, 0, 0, 0, 1), (1, 0, 0, 1, 0), (1, 0, 0, 1, 1), (1, 0, 1, 0, 0), (1, 0, 1, 0, 1), (1, 0, 1, 1, 0), (1, 0, 1, 1, 1), (1, 1, 0, 0, 0), (1, 1, 0, 0, 1), (1, 1, 0, 1, 0), (1, 1, 0, 1, 1), (1, 1, 1, 0, 0), (1, 1, 1, 0, 1), (1, 1, 1, 1, 0), (1, 1, 1, 1, 1)]
total number of subsets/permutation is 32
subset_to_result_map  use set_func that is in anomaly_scores module line 208
the value of each permutation in the subset_to_result_map is the outlier score of the outlier noise in each permutation


now use the subset_to_result_map to compute shapley_values
the shapley_values is [[0. 0. 0. 0. 0.]]
estimate_shapley_values
shapley_config ShapleyApproximationMethods.AUTO
shapley_config.n_jobs -1
all_subsets is [(0, 0, 0, 0, 0), (0, 0, 0, 0, 1), (0, 0, 0, 1, 0), (0, 0, 0, 1, 1), (0, 0, 1, 0, 0), (0, 0, 1, 0, 1), (0, 0, 1, 1, 0), (0, 0, 1, 1, 1), (0, 1, 0, 0, 0), (0, 1, 0, 0, 1), (0, 1, 0, 1, 0), (0, 1, 0, 1, 1), (0, 1, 1, 0, 0), (0, 1, 1, 0, 1), (0, 1, 1, 1, 0), (0, 1, 1, 1, 1), (1, 0, 0, 0, 0), (1, 0, 0, 0, 1), (1, 0, 0, 1, 0), (1, 0, 0, 1, 1), (1, 0, 1, 0, 0), (1, 0, 1, 0, 1), (1, 0, 1, 1, 0), (1, 0, 1, 1, 1), (1, 1, 0, 0, 0), (1, 1, 0, 0, 1), (1, 1, 0, 1, 0), (1, 1, 0, 1, 1), (1, 1, 1, 0, 0), (1, 1, 1, 0, 1), (1, 1, 1, 1, 0), (1, 1, 1, 1, 1)]
total number of subsets/permutation is 32
subset_to_result_map  use set_func that is in anomaly_scores module line 208
the value of each permutation in the subset_to_result_map is the outlier score of the outlier noise in each permutation


now use the subset_to_result_map to compute shapley_values
the shapley_values is [[0. 0. 0. 0. 0.]]
estimate_shapley_values
shapley_config ShapleyApproximationMethods.AUTO
shapley_config.n_jobs -1
all_subsets is [(0, 0, 0, 0, 0), (0, 0, 0, 0, 1), (0, 0, 0, 1, 0), (0, 0, 0, 1, 1), (0, 0, 1, 0, 0), (0, 0, 1, 0, 1), (0, 0, 1, 1, 0), (0, 0, 1, 1, 1), (0, 1, 0, 0, 0), (0, 1, 0, 0, 1), (0, 1, 0, 1, 0), (0, 1, 0, 1, 1), (0, 1, 1, 0, 0), (0, 1, 1, 0, 1), (0, 1, 1, 1, 0), (0, 1, 1, 1, 1), (1, 0, 0, 0, 0), (1, 0, 0, 0, 1), (1, 0, 0, 1, 0), (1, 0, 0, 1, 1), (1, 0, 1, 0, 0), (1, 0, 1, 0, 1), (1, 0, 1, 1, 0), (1, 0, 1, 1, 1), (1, 1, 0, 0, 0), (1, 1, 0, 0, 1), (1, 1, 0, 1, 0), (1, 1, 0, 1, 1), (1, 1, 1, 0, 0), (1, 1, 1, 0, 1), (1, 1, 1, 1, 0), (1, 1, 1, 1, 1)]
total number of subsets/permutation is 32
subset_to_result_map  use set_func that is in anomaly_scores module line 208
the value of each permutation in the subset_to_result_map is the outlier score of the outlier noise in each permutation


now use the subset_to_result_map to compute shapley_values
the shapley_values is [[0. 0. 0. 0. 0.]]
estimate_shapley_values
shapley_config ShapleyApproximationMethods.AUTO
shapley_config.n_jobs -1
all_subsets is [(0, 0, 0, 0, 0), (0, 0, 0, 0, 1), (0, 0, 0, 1, 0), (0, 0, 0, 1, 1), (0, 0, 1, 0, 0), (0, 0, 1, 0, 1), (0, 0, 1, 1, 0), (0, 0, 1, 1, 1), (0, 1, 0, 0, 0), (0, 1, 0, 0, 1), (0, 1, 0, 1, 0), (0, 1, 0, 1, 1), (0, 1, 1, 0, 0), (0, 1, 1, 0, 1), (0, 1, 1, 1, 0), (0, 1, 1, 1, 1), (1, 0, 0, 0, 0), (1, 0, 0, 0, 1), (1, 0, 0, 1, 0), (1, 0, 0, 1, 1), (1, 0, 1, 0, 0), (1, 0, 1, 0, 1), (1, 0, 1, 1, 0), (1, 0, 1, 1, 1), (1, 1, 0, 0, 0), (1, 1, 0, 0, 1), (1, 1, 0, 1, 0), (1, 1, 0, 1, 1), (1, 1, 1, 0, 0), (1, 1, 1, 0, 1), (1, 1, 1, 1, 0), (1, 1, 1, 1, 1)]
total number of subsets/permutation is 32
subset_to_result_map  use set_func that is in anomaly_scores module line 208
the value of each permutation in the subset_to_result_map is the outlier score of the outlier noise in each permutation


now use the subset_to_result_map to compute shapley_values
the shapley_values is [[0. 0. 0. 0. 0.]]
estimate_shapley_values
shapley_config ShapleyApproximationMethods.AUTO
shapley_config.n_jobs -1
all_subsets is [(0, 0, 0, 0, 0), (0, 0, 0, 0, 1), (0, 0, 0, 1, 0), (0, 0, 0, 1, 1), (0, 0, 1, 0, 0), (0, 0, 1, 0, 1), (0, 0, 1, 1, 0), (0, 0, 1, 1, 1), (0, 1, 0, 0, 0), (0, 1, 0, 0, 1), (0, 1, 0, 1, 0), (0, 1, 0, 1, 1), (0, 1, 1, 0, 0), (0, 1, 1, 0, 1), (0, 1, 1, 1, 0), (0, 1, 1, 1, 1), (1, 0, 0, 0, 0), (1, 0, 0, 0, 1), (1, 0, 0, 1, 0), (1, 0, 0, 1, 1), (1, 0, 1, 0, 0), (1, 0, 1, 0, 1), (1, 0, 1, 1, 0), (1, 0, 1, 1, 1), (1, 1, 0, 0, 0), (1, 1, 0, 0, 1), (1, 1, 0, 1, 0), (1, 1, 0, 1, 1), (1, 1, 1, 0, 0), (1, 1, 1, 0, 1), (1, 1, 1, 1, 0), (1, 1, 1, 1, 1)]
total number of subsets/permutation is 32
subset_to_result_map  use set_func that is in anomaly_scores module line 208
the value of each permutation in the subset_to_result_map is the outlier score of the outlier noise in each permutation


now use the subset_to_result_map to compute shapley_values
the shapley_values is [[ 7.65562784  0.55802381  0.40364418 -0.25952198 -0.35107301]]
estimate_shapley_values
shapley_config ShapleyApproximationMethods.AUTO
shapley_config.n_jobs -1
all_subsets is [(0, 0, 0, 0, 0), (0, 0, 0, 0, 1), (0, 0, 0, 1, 0), (0, 0, 0, 1, 1), (0, 0, 1, 0, 0), (0, 0, 1, 0, 1), (0, 0, 1, 1, 0), (0, 0, 1, 1, 1), (0, 1, 0, 0, 0), (0, 1, 0, 0, 1), (0, 1, 0, 1, 0), (0, 1, 0, 1, 1), (0, 1, 1, 0, 0), (0, 1, 1, 0, 1), (0, 1, 1, 1, 0), (0, 1, 1, 1, 1), (1, 0, 0, 0, 0), (1, 0, 0, 0, 1), (1, 0, 0, 1, 0), (1, 0, 0, 1, 1), (1, 0, 1, 0, 0), (1, 0, 1, 0, 1), (1, 0, 1, 1, 0), (1, 0, 1, 1, 1), (1, 1, 0, 0, 0), (1, 1, 0, 0, 1), (1, 1, 0, 1, 0), (1, 1, 0, 1, 1), (1, 1, 1, 0, 0), (1, 1, 1, 0, 1), (1, 1, 1, 1, 0), (1, 1, 1, 1, 1)]
total number of subsets/permutation is 32
subset_to_result_map  use set_func that is in anomaly_scores module line 208
the value of each permutation in the subset_to_result_map is the outlier score of the outlier noise in each permutation


now use the subset_to_result_map to compute shapley_values
the shapley_values is [[0. 0. 0. 0. 0.]]
estimate_shapley_values
shapley_config ShapleyApproximationMethods.AUTO
shapley_config.n_jobs -1
all_subsets is [(0, 0, 0, 0, 0), (0, 0, 0, 0, 1), (0, 0, 0, 1, 0), (0, 0, 0, 1, 1), (0, 0, 1, 0, 0), (0, 0, 1, 0, 1), (0, 0, 1, 1, 0), (0, 0, 1, 1, 1), (0, 1, 0, 0, 0), (0, 1, 0, 0, 1), (0, 1, 0, 1, 0), (0, 1, 0, 1, 1), (0, 1, 1, 0, 0), (0, 1, 1, 0, 1), (0, 1, 1, 1, 0), (0, 1, 1, 1, 1), (1, 0, 0, 0, 0), (1, 0, 0, 0, 1), (1, 0, 0, 1, 0), (1, 0, 0, 1, 1), (1, 0, 1, 0, 0), (1, 0, 1, 0, 1), (1, 0, 1, 1, 0), (1, 0, 1, 1, 1), (1, 1, 0, 0, 0), (1, 1, 0, 0, 1), (1, 1, 0, 1, 0), (1, 1, 0, 1, 1), (1, 1, 1, 0, 0), (1, 1, 1, 0, 1), (1, 1, 1, 1, 0), (1, 1, 1, 1, 1)]
total number of subsets/permutation is 32
subset_to_result_map  use set_func that is in anomaly_scores module line 208
the value of each permutation in the subset_to_result_map is the outlier score of the outlier noise in each permutation


now use the subset_to_result_map to compute shapley_values
the shapley_values is [[ 3.64108565  0.16123868  2.81958688  1.48861412 -0.10382449]]
estimate_shapley_values
shapley_config ShapleyApproximationMethods.AUTO
shapley_config.n_jobs -1
all_subsets is [(0, 0, 0, 0, 0), (0, 0, 0, 0, 1), (0, 0, 0, 1, 0), (0, 0, 0, 1, 1), (0, 0, 1, 0, 0), (0, 0, 1, 0, 1), (0, 0, 1, 1, 0), (0, 0, 1, 1, 1), (0, 1, 0, 0, 0), (0, 1, 0, 0, 1), (0, 1, 0, 1, 0), (0, 1, 0, 1, 1), (0, 1, 1, 0, 0), (0, 1, 1, 0, 1), (0, 1, 1, 1, 0), (0, 1, 1, 1, 1), (1, 0, 0, 0, 0), (1, 0, 0, 0, 1), (1, 0, 0, 1, 0), (1, 0, 0, 1, 1), (1, 0, 1, 0, 0), (1, 0, 1, 0, 1), (1, 0, 1, 1, 0), (1, 0, 1, 1, 1), (1, 1, 0, 0, 0), (1, 1, 0, 0, 1), (1, 1, 0, 1, 0), (1, 1, 0, 1, 1), (1, 1, 1, 0, 0), (1, 1, 1, 0, 1), (1, 1, 1, 1, 0), (1, 1, 1, 1, 1)]
total number of subsets/permutation is 32
subset_to_result_map  use set_func that is in anomaly_scores module line 208
the value of each permutation in the subset_to_result_map is the outlier score of the outlier noise in each permutation


now use the subset_to_result_map to compute shapley_values
the shapley_values is [[0. 0. 0. 0. 0.]]
estimate_shapley_values
shapley_config ShapleyApproximationMethods.AUTO
shapley_config.n_jobs -1
all_subsets is [(0, 0, 0, 0, 0), (0, 0, 0, 0, 1), (0, 0, 0, 1, 0), (0, 0, 0, 1, 1), (0, 0, 1, 0, 0), (0, 0, 1, 0, 1), (0, 0, 1, 1, 0), (0, 0, 1, 1, 1), (0, 1, 0, 0, 0), (0, 1, 0, 0, 1), (0, 1, 0, 1, 0), (0, 1, 0, 1, 1), (0, 1, 1, 0, 0), (0, 1, 1, 0, 1), (0, 1, 1, 1, 0), (0, 1, 1, 1, 1), (1, 0, 0, 0, 0), (1, 0, 0, 0, 1), (1, 0, 0, 1, 0), (1, 0, 0, 1, 1), (1, 0, 1, 0, 0), (1, 0, 1, 0, 1), (1, 0, 1, 1, 0), (1, 0, 1, 1, 1), (1, 1, 0, 0, 0), (1, 1, 0, 0, 1), (1, 1, 0, 1, 0), (1, 1, 0, 1, 1), (1, 1, 1, 0, 0), (1, 1, 1, 0, 1), (1, 1, 1, 1, 0), (1, 1, 1, 1, 1)]
total number of subsets/permutation is 32
subset_to_result_map  use set_func that is in anomaly_scores module line 208
the value of each permutation in the subset_to_result_map is the outlier score of the outlier noise in each permutation


now use the subset_to_result_map to compute shapley_values
the shapley_values is [[0. 0. 0. 0. 0.]]
estimate_shapley_values
shapley_config ShapleyApproximationMethods.AUTO
shapley_config.n_jobs -1
all_subsets is [(0, 0, 0, 0, 0), (0, 0, 0, 0, 1), (0, 0, 0, 1, 0), (0, 0, 0, 1, 1), (0, 0, 1, 0, 0), (0, 0, 1, 0, 1), (0, 0, 1, 1, 0), (0, 0, 1, 1, 1), (0, 1, 0, 0, 0), (0, 1, 0, 0, 1), (0, 1, 0, 1, 0), (0, 1, 0, 1, 1), (0, 1, 1, 0, 0), (0, 1, 1, 0, 1), (0, 1, 1, 1, 0), (0, 1, 1, 1, 1), (1, 0, 0, 0, 0), (1, 0, 0, 0, 1), (1, 0, 0, 1, 0), (1, 0, 0, 1, 1), (1, 0, 1, 0, 0), (1, 0, 1, 0, 1), (1, 0, 1, 1, 0), (1, 0, 1, 1, 1), (1, 1, 0, 0, 0), (1, 1, 0, 0, 1), (1, 1, 0, 1, 0), (1, 1, 0, 1, 1), (1, 1, 1, 0, 0), (1, 1, 1, 0, 1), (1, 1, 1, 1, 0), (1, 1, 1, 1, 1)]
total number of subsets/permutation is 32
subset_to_result_map  use set_func that is in anomaly_scores module line 208
the value of each permutation in the subset_to_result_map is the outlier score of the outlier noise in each permutation


now use the subset_to_result_map to compute shapley_values
the shapley_values is [[0. 0. 0. 0. 0.]]
estimate_shapley_values
shapley_config ShapleyApproximationMethods.AUTO
shapley_config.n_jobs -1
all_subsets is [(0, 0, 0, 0, 0), (0, 0, 0, 0, 1), (0, 0, 0, 1, 0), (0, 0, 0, 1, 1), (0, 0, 1, 0, 0), (0, 0, 1, 0, 1), (0, 0, 1, 1, 0), (0, 0, 1, 1, 1), (0, 1, 0, 0, 0), (0, 1, 0, 0, 1), (0, 1, 0, 1, 0), (0, 1, 0, 1, 1), (0, 1, 1, 0, 0), (0, 1, 1, 0, 1), (0, 1, 1, 1, 0), (0, 1, 1, 1, 1), (1, 0, 0, 0, 0), (1, 0, 0, 0, 1), (1, 0, 0, 1, 0), (1, 0, 0, 1, 1), (1, 0, 1, 0, 0), (1, 0, 1, 0, 1), (1, 0, 1, 1, 0), (1, 0, 1, 1, 1), (1, 1, 0, 0, 0), (1, 1, 0, 0, 1), (1, 1, 0, 1, 0), (1, 1, 0, 1, 1), (1, 1, 1, 0, 0), (1, 1, 1, 0, 1), (1, 1, 1, 1, 0), (1, 1, 1, 1, 1)]
total number of subsets/permutation is 32
subset_to_result_map  use set_func that is in anomaly_scores module line 208
the value of each permutation in the subset_to_result_map is the outlier score of the outlier noise in each permutation


now use the subset_to_result_map to compute shapley_values
the shapley_values is [[ 4.20855398  2.03113646  1.44558723  0.87178496 -0.55036179]]
estimate_shapley_values
shapley_config ShapleyApproximationMethods.AUTO
shapley_config.n_jobs -1
all_subsets is [(0, 0, 0, 0, 0), (0, 0, 0, 0, 1), (0, 0, 0, 1, 0), (0, 0, 0, 1, 1), (0, 0, 1, 0, 0), (0, 0, 1, 0, 1), (0, 0, 1, 1, 0), (0, 0, 1, 1, 1), (0, 1, 0, 0, 0), (0, 1, 0, 0, 1), (0, 1, 0, 1, 0), (0, 1, 0, 1, 1), (0, 1, 1, 0, 0), (0, 1, 1, 0, 1), (0, 1, 1, 1, 0), (0, 1, 1, 1, 1), (1, 0, 0, 0, 0), (1, 0, 0, 0, 1), (1, 0, 0, 1, 0), (1, 0, 0, 1, 1), (1, 0, 1, 0, 0), (1, 0, 1, 0, 1), (1, 0, 1, 1, 0), (1, 0, 1, 1, 1), (1, 1, 0, 0, 0), (1, 1, 0, 0, 1), (1, 1, 0, 1, 0), (1, 1, 0, 1, 1), (1, 1, 1, 0, 0), (1, 1, 1, 0, 1), (1, 1, 1, 1, 0), (1, 1, 1, 1, 1)]
total number of subsets/permutation is 32
subset_to_result_map  use set_func that is in anomaly_scores module line 208
the value of each permutation in the subset_to_result_map is the outlier score of the outlier noise in each permutation


now use the subset_to_result_map to compute shapley_values
the shapley_values is [[ 7.75646163  0.02441386 -0.11611939  0.59218395 -0.25023921]]
estimate_shapley_values
shapley_config ShapleyApproximationMethods.AUTO
shapley_config.n_jobs -1
all_subsets is [(0, 0, 0, 0, 0), (0, 0, 0, 0, 1), (0, 0, 0, 1, 0), (0, 0, 0, 1, 1), (0, 0, 1, 0, 0), (0, 0, 1, 0, 1), (0, 0, 1, 1, 0), (0, 0, 1, 1, 1), (0, 1, 0, 0, 0), (0, 1, 0, 0, 1), (0, 1, 0, 1, 0), (0, 1, 0, 1, 1), (0, 1, 1, 0, 0), (0, 1, 1, 0, 1), (0, 1, 1, 1, 0), (0, 1, 1, 1, 1), (1, 0, 0, 0, 0), (1, 0, 0, 0, 1), (1, 0, 0, 1, 0), (1, 0, 0, 1, 1), (1, 0, 1, 0, 0), (1, 0, 1, 0, 1), (1, 0, 1, 1, 0), (1, 0, 1, 1, 1), (1, 1, 0, 0, 0), (1, 1, 0, 0, 1), (1, 1, 0, 1, 0), (1, 1, 0, 1, 1), (1, 1, 1, 0, 0), (1, 1, 1, 0, 1), (1, 1, 1, 1, 0), (1, 1, 1, 1, 1)]
total number of subsets/permutation is 32
subset_to_result_map  use set_func that is in anomaly_scores module line 208
the value of each permutation in the subset_to_result_map is the outlier score of the outlier noise in each permutation


now use the subset_to_result_map to compute shapley_values
the shapley_values is [[0. 0. 0. 0. 0.]]
estimate_shapley_values
shapley_config ShapleyApproximationMethods.AUTO
shapley_config.n_jobs -1
all_subsets is [(0, 0, 0, 0, 0), (0, 0, 0, 0, 1), (0, 0, 0, 1, 0), (0, 0, 0, 1, 1), (0, 0, 1, 0, 0), (0, 0, 1, 0, 1), (0, 0, 1, 1, 0), (0, 0, 1, 1, 1), (0, 1, 0, 0, 0), (0, 1, 0, 0, 1), (0, 1, 0, 1, 0), (0, 1, 0, 1, 1), (0, 1, 1, 0, 0), (0, 1, 1, 0, 1), (0, 1, 1, 1, 0), (0, 1, 1, 1, 1), (1, 0, 0, 0, 0), (1, 0, 0, 0, 1), (1, 0, 0, 1, 0), (1, 0, 0, 1, 1), (1, 0, 1, 0, 0), (1, 0, 1, 0, 1), (1, 0, 1, 1, 0), (1, 0, 1, 1, 1), (1, 1, 0, 0, 0), (1, 1, 0, 0, 1), (1, 1, 0, 1, 0), (1, 1, 0, 1, 1), (1, 1, 1, 0, 0), (1, 1, 1, 0, 1), (1, 1, 1, 1, 0), (1, 1, 1, 1, 1)]
total number of subsets/permutation is 32
subset_to_result_map  use set_func that is in anomaly_scores module line 208
the value of each permutation in the subset_to_result_map is the outlier score of the outlier noise in each permutation


now use the subset_to_result_map to compute shapley_values
the shapley_values is [[0. 0. 0. 0. 0.]]
estimate_shapley_values
shapley_config ShapleyApproximationMethods.AUTO
shapley_config.n_jobs -1
all_subsets is [(0, 0, 0, 0, 0), (0, 0, 0, 0, 1), (0, 0, 0, 1, 0), (0, 0, 0, 1, 1), (0, 0, 1, 0, 0), (0, 0, 1, 0, 1), (0, 0, 1, 1, 0), (0, 0, 1, 1, 1), (0, 1, 0, 0, 0), (0, 1, 0, 0, 1), (0, 1, 0, 1, 0), (0, 1, 0, 1, 1), (0, 1, 1, 0, 0), (0, 1, 1, 0, 1), (0, 1, 1, 1, 0), (0, 1, 1, 1, 1), (1, 0, 0, 0, 0), (1, 0, 0, 0, 1), (1, 0, 0, 1, 0), (1, 0, 0, 1, 1), (1, 0, 1, 0, 0), (1, 0, 1, 0, 1), (1, 0, 1, 1, 0), (1, 0, 1, 1, 1), (1, 1, 0, 0, 0), (1, 1, 0, 0, 1), (1, 1, 0, 1, 0), (1, 1, 0, 1, 1), (1, 1, 1, 0, 0), (1, 1, 1, 0, 1), (1, 1, 1, 1, 0), (1, 1, 1, 1, 1)]
total number of subsets/permutation is 32
subset_to_result_map  use set_func that is in anomaly_scores module line 208
the value of each permutation in the subset_to_result_map is the outlier score of the outlier noise in each permutation


now use the subset_to_result_map to compute shapley_values
the shapley_values is [[ 7.49093653 -0.31593971 -0.1345384   1.39045571 -0.42421329]]
estimate_shapley_values
shapley_config ShapleyApproximationMethods.AUTO
shapley_config.n_jobs -1
all_subsets is [(0, 0, 0, 0, 0), (0, 0, 0, 0, 1), (0, 0, 0, 1, 0), (0, 0, 0, 1, 1), (0, 0, 1, 0, 0), (0, 0, 1, 0, 1), (0, 0, 1, 1, 0), (0, 0, 1, 1, 1), (0, 1, 0, 0, 0), (0, 1, 0, 0, 1), (0, 1, 0, 1, 0), (0, 1, 0, 1, 1), (0, 1, 1, 0, 0), (0, 1, 1, 0, 1), (0, 1, 1, 1, 0), (0, 1, 1, 1, 1), (1, 0, 0, 0, 0), (1, 0, 0, 0, 1), (1, 0, 0, 1, 0), (1, 0, 0, 1, 1), (1, 0, 1, 0, 0), (1, 0, 1, 0, 1), (1, 0, 1, 1, 0), (1, 0, 1, 1, 1), (1, 1, 0, 0, 0), (1, 1, 0, 0, 1), (1, 1, 0, 1, 0), (1, 1, 0, 1, 1), (1, 1, 1, 0, 0), (1, 1, 1, 0, 1), (1, 1, 1, 1, 0), (1, 1, 1, 1, 1)]
total number of subsets/permutation is 32
subset_to_result_map  use set_func that is in anomaly_scores module line 208
the value of each permutation in the subset_to_result_map is the outlier score of the outlier noise in each permutation


now use the subset_to_result_map to compute shapley_values
the shapley_values is [[0. 0. 0. 0. 0.]]
estimate_shapley_values
shapley_config ShapleyApproximationMethods.AUTO
shapley_config.n_jobs -1
all_subsets is [(0, 0, 0, 0, 0), (0, 0, 0, 0, 1), (0, 0, 0, 1, 0), (0, 0, 0, 1, 1), (0, 0, 1, 0, 0), (0, 0, 1, 0, 1), (0, 0, 1, 1, 0), (0, 0, 1, 1, 1), (0, 1, 0, 0, 0), (0, 1, 0, 0, 1), (0, 1, 0, 1, 0), (0, 1, 0, 1, 1), (0, 1, 1, 0, 0), (0, 1, 1, 0, 1), (0, 1, 1, 1, 0), (0, 1, 1, 1, 1), (1, 0, 0, 0, 0), (1, 0, 0, 0, 1), (1, 0, 0, 1, 0), (1, 0, 0, 1, 1), (1, 0, 1, 0, 0), (1, 0, 1, 0, 1), (1, 0, 1, 1, 0), (1, 0, 1, 1, 1), (1, 1, 0, 0, 0), (1, 1, 0, 0, 1), (1, 1, 0, 1, 0), (1, 1, 0, 1, 1), (1, 1, 1, 0, 0), (1, 1, 1, 0, 1), (1, 1, 1, 1, 0), (1, 1, 1, 1, 1)]
total number of subsets/permutation is 32
subset_to_result_map  use set_func that is in anomaly_scores module line 208
the value of each permutation in the subset_to_result_map is the outlier score of the outlier noise in each permutation


now use the subset_to_result_map to compute shapley_values
the shapley_values is [[0. 0. 0. 0. 0.]]
estimate_shapley_values
shapley_config ShapleyApproximationMethods.AUTO
shapley_config.n_jobs -1
all_subsets is [(0, 0, 0, 0, 0), (0, 0, 0, 0, 1), (0, 0, 0, 1, 0), (0, 0, 0, 1, 1), (0, 0, 1, 0, 0), (0, 0, 1, 0, 1), (0, 0, 1, 1, 0), (0, 0, 1, 1, 1), (0, 1, 0, 0, 0), (0, 1, 0, 0, 1), (0, 1, 0, 1, 0), (0, 1, 0, 1, 1), (0, 1, 1, 0, 0), (0, 1, 1, 0, 1), (0, 1, 1, 1, 0), (0, 1, 1, 1, 1), (1, 0, 0, 0, 0), (1, 0, 0, 0, 1), (1, 0, 0, 1, 0), (1, 0, 0, 1, 1), (1, 0, 1, 0, 0), (1, 0, 1, 0, 1), (1, 0, 1, 1, 0), (1, 0, 1, 1, 1), (1, 1, 0, 0, 0), (1, 1, 0, 0, 1), (1, 1, 0, 1, 0), (1, 1, 0, 1, 1), (1, 1, 1, 0, 0), (1, 1, 1, 0, 1), (1, 1, 1, 1, 0), (1, 1, 1, 1, 1)]
total number of subsets/permutation is 32
subset_to_result_map  use set_func that is in anomaly_scores module line 208
the value of each permutation in the subset_to_result_map is the outlier score of the outlier noise in each permutation


now use the subset_to_result_map to compute shapley_values
the shapley_values is [[0. 0. 0. 0. 0.]]
estimate_shapley_values
shapley_config ShapleyApproximationMethods.AUTO
shapley_config.n_jobs -1
all_subsets is [(0, 0, 0, 0, 0), (0, 0, 0, 0, 1), (0, 0, 0, 1, 0), (0, 0, 0, 1, 1), (0, 0, 1, 0, 0), (0, 0, 1, 0, 1), (0, 0, 1, 1, 0), (0, 0, 1, 1, 1), (0, 1, 0, 0, 0), (0, 1, 0, 0, 1), (0, 1, 0, 1, 0), (0, 1, 0, 1, 1), (0, 1, 1, 0, 0), (0, 1, 1, 0, 1), (0, 1, 1, 1, 0), (0, 1, 1, 1, 1), (1, 0, 0, 0, 0), (1, 0, 0, 0, 1), (1, 0, 0, 1, 0), (1, 0, 0, 1, 1), (1, 0, 1, 0, 0), (1, 0, 1, 0, 1), (1, 0, 1, 1, 0), (1, 0, 1, 1, 1), (1, 1, 0, 0, 0), (1, 1, 0, 0, 1), (1, 1, 0, 1, 0), (1, 1, 0, 1, 1), (1, 1, 1, 0, 0), (1, 1, 1, 0, 1), (1, 1, 1, 1, 0), (1, 1, 1, 1, 1)]
total number of subsets/permutation is 32
subset_to_result_map  use set_func that is in anomaly_scores module line 208
the value of each permutation in the subset_to_result_map is the outlier score of the outlier noise in each permutation


now use the subset_to_result_map to compute shapley_values
the shapley_values is [[0. 0. 0. 0. 0.]]
estimate_shapley_values
shapley_config ShapleyApproximationMethods.AUTO
shapley_config.n_jobs -1
all_subsets is [(0, 0, 0, 0, 0), (0, 0, 0, 0, 1), (0, 0, 0, 1, 0), (0, 0, 0, 1, 1), (0, 0, 1, 0, 0), (0, 0, 1, 0, 1), (0, 0, 1, 1, 0), (0, 0, 1, 1, 1), (0, 1, 0, 0, 0), (0, 1, 0, 0, 1), (0, 1, 0, 1, 0), (0, 1, 0, 1, 1), (0, 1, 1, 0, 0), (0, 1, 1, 0, 1), (0, 1, 1, 1, 0), (0, 1, 1, 1, 1), (1, 0, 0, 0, 0), (1, 0, 0, 0, 1), (1, 0, 0, 1, 0), (1, 0, 0, 1, 1), (1, 0, 1, 0, 0), (1, 0, 1, 0, 1), (1, 0, 1, 1, 0), (1, 0, 1, 1, 1), (1, 1, 0, 0, 0), (1, 1, 0, 0, 1), (1, 1, 0, 1, 0), (1, 1, 0, 1, 1), (1, 1, 1, 0, 0), (1, 1, 1, 0, 1), (1, 1, 1, 1, 0), (1, 1, 1, 1, 1)]
total number of subsets/permutation is 32
subset_to_result_map  use set_func that is in anomaly_scores module line 208
the value of each permutation in the subset_to_result_map is the outlier score of the outlier noise in each permutation


now use the subset_to_result_map to compute shapley_values
the shapley_values is [[ 7.7629237   0.12242695  0.24270039 -0.24377715  0.12242695]]
estimate_shapley_values
shapley_config ShapleyApproximationMethods.AUTO
shapley_config.n_jobs -1
all_subsets is [(0, 0, 0, 0, 0), (0, 0, 0, 0, 1), (0, 0, 0, 1, 0), (0, 0, 0, 1, 1), (0, 0, 1, 0, 0), (0, 0, 1, 0, 1), (0, 0, 1, 1, 0), (0, 0, 1, 1, 1), (0, 1, 0, 0, 0), (0, 1, 0, 0, 1), (0, 1, 0, 1, 0), (0, 1, 0, 1, 1), (0, 1, 1, 0, 0), (0, 1, 1, 0, 1), (0, 1, 1, 1, 0), (0, 1, 1, 1, 1), (1, 0, 0, 0, 0), (1, 0, 0, 0, 1), (1, 0, 0, 1, 0), (1, 0, 0, 1, 1), (1, 0, 1, 0, 0), (1, 0, 1, 0, 1), (1, 0, 1, 1, 0), (1, 0, 1, 1, 1), (1, 1, 0, 0, 0), (1, 1, 0, 0, 1), (1, 1, 0, 1, 0), (1, 1, 0, 1, 1), (1, 1, 1, 0, 0), (1, 1, 1, 0, 1), (1, 1, 1, 1, 0), (1, 1, 1, 1, 1)]
total number of subsets/permutation is 32
subset_to_result_map  use set_func that is in anomaly_scores module line 208
the value of each permutation in the subset_to_result_map is the outlier score of the outlier noise in each permutation


now use the subset_to_result_map to compute shapley_values
the shapley_values is [[ 7.30258542 -0.18911404  0.31475856  1.00793325 -0.42946235]]
estimate_shapley_values
shapley_config ShapleyApproximationMethods.AUTO
shapley_config.n_jobs -1
all_subsets is [(0, 0, 0, 0, 0), (0, 0, 0, 0, 1), (0, 0, 0, 1, 0), (0, 0, 0, 1, 1), (0, 0, 1, 0, 0), (0, 0, 1, 0, 1), (0, 0, 1, 1, 0), (0, 0, 1, 1, 1), (0, 1, 0, 0, 0), (0, 1, 0, 0, 1), (0, 1, 0, 1, 0), (0, 1, 0, 1, 1), (0, 1, 1, 0, 0), (0, 1, 1, 0, 1), (0, 1, 1, 1, 0), (0, 1, 1, 1, 1), (1, 0, 0, 0, 0), (1, 0, 0, 0, 1), (1, 0, 0, 1, 0), (1, 0, 0, 1, 1), (1, 0, 1, 0, 0), (1, 0, 1, 0, 1), (1, 0, 1, 1, 0), (1, 0, 1, 1, 1), (1, 1, 0, 0, 0), (1, 1, 0, 0, 1), (1, 1, 0, 1, 0), (1, 1, 0, 1, 1), (1, 1, 1, 0, 0), (1, 1, 1, 0, 1), (1, 1, 1, 1, 0), (1, 1, 1, 1, 1)]
total number of subsets/permutation is 32
subset_to_result_map  use set_func that is in anomaly_scores module line 208
the value of each permutation in the subset_to_result_map is the outlier score of the outlier noise in each permutation


now use the subset_to_result_map to compute shapley_values
the shapley_values is [[0. 0. 0. 0. 0.]]
estimate_shapley_values
shapley_config ShapleyApproximationMethods.AUTO
shapley_config.n_jobs -1
all_subsets is [(0, 0, 0, 0, 0), (0, 0, 0, 0, 1), (0, 0, 0, 1, 0), (0, 0, 0, 1, 1), (0, 0, 1, 0, 0), (0, 0, 1, 0, 1), (0, 0, 1, 1, 0), (0, 0, 1, 1, 1), (0, 1, 0, 0, 0), (0, 1, 0, 0, 1), (0, 1, 0, 1, 0), (0, 1, 0, 1, 1), (0, 1, 1, 0, 0), (0, 1, 1, 0, 1), (0, 1, 1, 1, 0), (0, 1, 1, 1, 1), (1, 0, 0, 0, 0), (1, 0, 0, 0, 1), (1, 0, 0, 1, 0), (1, 0, 0, 1, 1), (1, 0, 1, 0, 0), (1, 0, 1, 0, 1), (1, 0, 1, 1, 0), (1, 0, 1, 1, 1), (1, 1, 0, 0, 0), (1, 1, 0, 0, 1), (1, 1, 0, 1, 0), (1, 1, 0, 1, 1), (1, 1, 1, 0, 0), (1, 1, 1, 0, 1), (1, 1, 1, 1, 0), (1, 1, 1, 1, 1)]
total number of subsets/permutation is 32
subset_to_result_map  use set_func that is in anomaly_scores module line 208
the value of each permutation in the subset_to_result_map is the outlier score of the outlier noise in each permutation


now use the subset_to_result_map to compute shapley_values
the shapley_values is [[0. 0. 0. 0. 0.]]
estimate_shapley_values
shapley_config ShapleyApproximationMethods.AUTO
shapley_config.n_jobs -1
all_subsets is [(0, 0, 0, 0, 0), (0, 0, 0, 0, 1), (0, 0, 0, 1, 0), (0, 0, 0, 1, 1), (0, 0, 1, 0, 0), (0, 0, 1, 0, 1), (0, 0, 1, 1, 0), (0, 0, 1, 1, 1), (0, 1, 0, 0, 0), (0, 1, 0, 0, 1), (0, 1, 0, 1, 0), (0, 1, 0, 1, 1), (0, 1, 1, 0, 0), (0, 1, 1, 0, 1), (0, 1, 1, 1, 0), (0, 1, 1, 1, 1), (1, 0, 0, 0, 0), (1, 0, 0, 0, 1), (1, 0, 0, 1, 0), (1, 0, 0, 1, 1), (1, 0, 1, 0, 0), (1, 0, 1, 0, 1), (1, 0, 1, 1, 0), (1, 0, 1, 1, 1), (1, 1, 0, 0, 0), (1, 1, 0, 0, 1), (1, 1, 0, 1, 0), (1, 1, 0, 1, 1), (1, 1, 1, 0, 0), (1, 1, 1, 0, 1), (1, 1, 1, 1, 0), (1, 1, 1, 1, 1)]
total number of subsets/permutation is 32
subset_to_result_map  use set_func that is in anomaly_scores module line 208
the value of each permutation in the subset_to_result_map is the outlier score of the outlier noise in each permutation


now use the subset_to_result_map to compute shapley_values
the shapley_values is [[0. 0. 0. 0. 0.]]
estimate_shapley_values
shapley_config ShapleyApproximationMethods.AUTO
shapley_config.n_jobs -1
all_subsets is [(0, 0, 0, 0, 0), (0, 0, 0, 0, 1), (0, 0, 0, 1, 0), (0, 0, 0, 1, 1), (0, 0, 1, 0, 0), (0, 0, 1, 0, 1), (0, 0, 1, 1, 0), (0, 0, 1, 1, 1), (0, 1, 0, 0, 0), (0, 1, 0, 0, 1), (0, 1, 0, 1, 0), (0, 1, 0, 1, 1), (0, 1, 1, 0, 0), (0, 1, 1, 0, 1), (0, 1, 1, 1, 0), (0, 1, 1, 1, 1), (1, 0, 0, 0, 0), (1, 0, 0, 0, 1), (1, 0, 0, 1, 0), (1, 0, 0, 1, 1), (1, 0, 1, 0, 0), (1, 0, 1, 0, 1), (1, 0, 1, 1, 0), (1, 0, 1, 1, 1), (1, 1, 0, 0, 0), (1, 1, 0, 0, 1), (1, 1, 0, 1, 0), (1, 1, 0, 1, 1), (1, 1, 1, 0, 0), (1, 1, 1, 0, 1), (1, 1, 1, 1, 0), (1, 1, 1, 1, 1)]
total number of subsets/permutation is 32
subset_to_result_map  use set_func that is in anomaly_scores module line 208
the value of each permutation in the subset_to_result_map is the outlier score of the outlier noise in each permutation


now use the subset_to_result_map to compute shapley_values
the shapley_values is [[0. 0. 0. 0. 0.]]
estimate_shapley_values
shapley_config ShapleyApproximationMethods.AUTO
shapley_config.n_jobs -1
all_subsets is [(0, 0, 0, 0, 0), (0, 0, 0, 0, 1), (0, 0, 0, 1, 0), (0, 0, 0, 1, 1), (0, 0, 1, 0, 0), (0, 0, 1, 0, 1), (0, 0, 1, 1, 0), (0, 0, 1, 1, 1), (0, 1, 0, 0, 0), (0, 1, 0, 0, 1), (0, 1, 0, 1, 0), (0, 1, 0, 1, 1), (0, 1, 1, 0, 0), (0, 1, 1, 0, 1), (0, 1, 1, 1, 0), (0, 1, 1, 1, 1), (1, 0, 0, 0, 0), (1, 0, 0, 0, 1), (1, 0, 0, 1, 0), (1, 0, 0, 1, 1), (1, 0, 1, 0, 0), (1, 0, 1, 0, 1), (1, 0, 1, 1, 0), (1, 0, 1, 1, 1), (1, 1, 0, 0, 0), (1, 1, 0, 0, 1), (1, 1, 0, 1, 0), (1, 1, 0, 1, 1), (1, 1, 1, 0, 0), (1, 1, 1, 0, 1), (1, 1, 1, 1, 0), (1, 1, 1, 1, 1)]
total number of subsets/permutation is 32
subset_to_result_map  use set_func that is in anomaly_scores module line 208
the value of each permutation in the subset_to_result_map is the outlier score of the outlier noise in each permutation


now use the subset_to_result_map to compute shapley_values
the shapley_values is [[0. 0. 0. 0. 0.]]
estimate_shapley_values
shapley_config ShapleyApproximationMethods.AUTO
shapley_config.n_jobs -1
all_subsets is [(0, 0, 0, 0, 0), (0, 0, 0, 0, 1), (0, 0, 0, 1, 0), (0, 0, 0, 1, 1), (0, 0, 1, 0, 0), (0, 0, 1, 0, 1), (0, 0, 1, 1, 0), (0, 0, 1, 1, 1), (0, 1, 0, 0, 0), (0, 1, 0, 0, 1), (0, 1, 0, 1, 0), (0, 1, 0, 1, 1), (0, 1, 1, 0, 0), (0, 1, 1, 0, 1), (0, 1, 1, 1, 0), (0, 1, 1, 1, 1), (1, 0, 0, 0, 0), (1, 0, 0, 0, 1), (1, 0, 0, 1, 0), (1, 0, 0, 1, 1), (1, 0, 1, 0, 0), (1, 0, 1, 0, 1), (1, 0, 1, 1, 0), (1, 0, 1, 1, 1), (1, 1, 0, 0, 0), (1, 1, 0, 0, 1), (1, 1, 0, 1, 0), (1, 1, 0, 1, 1), (1, 1, 1, 0, 0), (1, 1, 1, 0, 1), (1, 1, 1, 1, 0), (1, 1, 1, 1, 1)]
total number of subsets/permutation is 32
subset_to_result_map  use set_func that is in anomaly_scores module line 208
the value of each permutation in the subset_to_result_map is the outlier score of the outlier noise in each permutation


now use the subset_to_result_map to compute shapley_values
the shapley_values is [[ 5.03892399e+00  6.62970354e-01  2.43368870e+00  6.25567967e-05
  -1.28944753e-01]]
estimate_shapley_values
shapley_config ShapleyApproximationMethods.AUTO
shapley_config.n_jobs -1
all_subsets is [(0, 0, 0, 0, 0), (0, 0, 0, 0, 1), (0, 0, 0, 1, 0), (0, 0, 0, 1, 1), (0, 0, 1, 0, 0), (0, 0, 1, 0, 1), (0, 0, 1, 1, 0), (0, 0, 1, 1, 1), (0, 1, 0, 0, 0), (0, 1, 0, 0, 1), (0, 1, 0, 1, 0), (0, 1, 0, 1, 1), (0, 1, 1, 0, 0), (0, 1, 1, 0, 1), (0, 1, 1, 1, 0), (0, 1, 1, 1, 1), (1, 0, 0, 0, 0), (1, 0, 0, 0, 1), (1, 0, 0, 1, 0), (1, 0, 0, 1, 1), (1, 0, 1, 0, 0), (1, 0, 1, 0, 1), (1, 0, 1, 1, 0), (1, 0, 1, 1, 1), (1, 1, 0, 0, 0), (1, 1, 0, 0, 1), (1, 1, 0, 1, 0), (1, 1, 0, 1, 1), (1, 1, 1, 0, 0), (1, 1, 1, 0, 1), (1, 1, 1, 1, 0), (1, 1, 1, 1, 1)]
total number of subsets/permutation is 32
subset_to_result_map  use set_func that is in anomaly_scores module line 208
the value of each permutation in the subset_to_result_map is the outlier score of the outlier noise in each permutation


now use the subset_to_result_map to compute shapley_values
the shapley_values is [[0. 0. 0. 0. 0.]]
estimate_shapley_values
shapley_config ShapleyApproximationMethods.AUTO
shapley_config.n_jobs -1
all_subsets is [(0, 0, 0, 0, 0), (0, 0, 0, 0, 1), (0, 0, 0, 1, 0), (0, 0, 0, 1, 1), (0, 0, 1, 0, 0), (0, 0, 1, 0, 1), (0, 0, 1, 1, 0), (0, 0, 1, 1, 1), (0, 1, 0, 0, 0), (0, 1, 0, 0, 1), (0, 1, 0, 1, 0), (0, 1, 0, 1, 1), (0, 1, 1, 0, 0), (0, 1, 1, 0, 1), (0, 1, 1, 1, 0), (0, 1, 1, 1, 1), (1, 0, 0, 0, 0), (1, 0, 0, 0, 1), (1, 0, 0, 1, 0), (1, 0, 0, 1, 1), (1, 0, 1, 0, 0), (1, 0, 1, 0, 1), (1, 0, 1, 1, 0), (1, 0, 1, 1, 1), (1, 1, 0, 0, 0), (1, 1, 0, 0, 1), (1, 1, 0, 1, 0), (1, 1, 0, 1, 1), (1, 1, 1, 0, 0), (1, 1, 1, 0, 1), (1, 1, 1, 1, 0), (1, 1, 1, 1, 1)]
total number of subsets/permutation is 32
subset_to_result_map  use set_func that is in anomaly_scores module line 208
the value of each permutation in the subset_to_result_map is the outlier score of the outlier noise in each permutation


now use the subset_to_result_map to compute shapley_values
the shapley_values is [[0. 0. 0. 0. 0.]]
estimate_shapley_values
shapley_config ShapleyApproximationMethods.AUTO
shapley_config.n_jobs -1
all_subsets is [(0, 0, 0, 0, 0), (0, 0, 0, 0, 1), (0, 0, 0, 1, 0), (0, 0, 0, 1, 1), (0, 0, 1, 0, 0), (0, 0, 1, 0, 1), (0, 0, 1, 1, 0), (0, 0, 1, 1, 1), (0, 1, 0, 0, 0), (0, 1, 0, 0, 1), (0, 1, 0, 1, 0), (0, 1, 0, 1, 1), (0, 1, 1, 0, 0), (0, 1, 1, 0, 1), (0, 1, 1, 1, 0), (0, 1, 1, 1, 1), (1, 0, 0, 0, 0), (1, 0, 0, 0, 1), (1, 0, 0, 1, 0), (1, 0, 0, 1, 1), (1, 0, 1, 0, 0), (1, 0, 1, 0, 1), (1, 0, 1, 1, 0), (1, 0, 1, 1, 1), (1, 1, 0, 0, 0), (1, 1, 0, 0, 1), (1, 1, 0, 1, 0), (1, 1, 0, 1, 1), (1, 1, 1, 0, 0), (1, 1, 1, 0, 1), (1, 1, 1, 1, 0), (1, 1, 1, 1, 1)]
total number of subsets/permutation is 32
subset_to_result_map  use set_func that is in anomaly_scores module line 208
the value of each permutation in the subset_to_result_map is the outlier score of the outlier noise in each permutation


now use the subset_to_result_map to compute shapley_values
the shapley_values is [[ 6.76853126 -0.12972087  1.06388311  1.54217693 -1.23816958]]
estimate_shapley_values
shapley_config ShapleyApproximationMethods.AUTO
shapley_config.n_jobs -1
all_subsets is [(0, 0, 0, 0, 0), (0, 0, 0, 0, 1), (0, 0, 0, 1, 0), (0, 0, 0, 1, 1), (0, 0, 1, 0, 0), (0, 0, 1, 0, 1), (0, 0, 1, 1, 0), (0, 0, 1, 1, 1), (0, 1, 0, 0, 0), (0, 1, 0, 0, 1), (0, 1, 0, 1, 0), (0, 1, 0, 1, 1), (0, 1, 1, 0, 0), (0, 1, 1, 0, 1), (0, 1, 1, 1, 0), (0, 1, 1, 1, 1), (1, 0, 0, 0, 0), (1, 0, 0, 0, 1), (1, 0, 0, 1, 0), (1, 0, 0, 1, 1), (1, 0, 1, 0, 0), (1, 0, 1, 0, 1), (1, 0, 1, 1, 0), (1, 0, 1, 1, 1), (1, 1, 0, 0, 0), (1, 1, 0, 0, 1), (1, 1, 0, 1, 0), (1, 1, 0, 1, 1), (1, 1, 1, 0, 0), (1, 1, 1, 0, 1), (1, 1, 1, 1, 0), (1, 1, 1, 1, 1)]
total number of subsets/permutation is 32
subset_to_result_map  use set_func that is in anomaly_scores module line 208
the value of each permutation in the subset_to_result_map is the outlier score of the outlier noise in each permutation


now use the subset_to_result_map to compute shapley_values
the shapley_values is [[0. 0. 0. 0. 0.]]
estimate_shapley_values
shapley_config ShapleyApproximationMethods.AUTO
shapley_config.n_jobs -1
all_subsets is [(0, 0, 0, 0, 0), (0, 0, 0, 0, 1), (0, 0, 0, 1, 0), (0, 0, 0, 1, 1), (0, 0, 1, 0, 0), (0, 0, 1, 0, 1), (0, 0, 1, 1, 0), (0, 0, 1, 1, 1), (0, 1, 0, 0, 0), (0, 1, 0, 0, 1), (0, 1, 0, 1, 0), (0, 1, 0, 1, 1), (0, 1, 1, 0, 0), (0, 1, 1, 0, 1), (0, 1, 1, 1, 0), (0, 1, 1, 1, 1), (1, 0, 0, 0, 0), (1, 0, 0, 0, 1), (1, 0, 0, 1, 0), (1, 0, 0, 1, 1), (1, 0, 1, 0, 0), (1, 0, 1, 0, 1), (1, 0, 1, 1, 0), (1, 0, 1, 1, 1), (1, 1, 0, 0, 0), (1, 1, 0, 0, 1), (1, 1, 0, 1, 0), (1, 1, 0, 1, 1), (1, 1, 1, 0, 0), (1, 1, 1, 0, 1), (1, 1, 1, 1, 0), (1, 1, 1, 1, 1)]
total number of subsets/permutation is 32
subset_to_result_map  use set_func that is in anomaly_scores module line 208
the value of each permutation in the subset_to_result_map is the outlier score of the outlier noise in each permutation


now use the subset_to_result_map to compute shapley_values
the shapley_values is [[0. 0. 0. 0. 0.]]
estimate_shapley_values
shapley_config ShapleyApproximationMethods.AUTO
shapley_config.n_jobs -1
all_subsets is [(0, 0, 0, 0, 0), (0, 0, 0, 0, 1), (0, 0, 0, 1, 0), (0, 0, 0, 1, 1), (0, 0, 1, 0, 0), (0, 0, 1, 0, 1), (0, 0, 1, 1, 0), (0, 0, 1, 1, 1), (0, 1, 0, 0, 0), (0, 1, 0, 0, 1), (0, 1, 0, 1, 0), (0, 1, 0, 1, 1), (0, 1, 1, 0, 0), (0, 1, 1, 0, 1), (0, 1, 1, 1, 0), (0, 1, 1, 1, 1), (1, 0, 0, 0, 0), (1, 0, 0, 0, 1), (1, 0, 0, 1, 0), (1, 0, 0, 1, 1), (1, 0, 1, 0, 0), (1, 0, 1, 0, 1), (1, 0, 1, 1, 0), (1, 0, 1, 1, 1), (1, 1, 0, 0, 0), (1, 1, 0, 0, 1), (1, 1, 0, 1, 0), (1, 1, 0, 1, 1), (1, 1, 1, 0, 0), (1, 1, 1, 0, 1), (1, 1, 1, 1, 0), (1, 1, 1, 1, 1)]
total number of subsets/permutation is 32
subset_to_result_map  use set_func that is in anomaly_scores module line 208
the value of each permutation in the subset_to_result_map is the outlier score of the outlier noise in each permutation


now use the subset_to_result_map to compute shapley_values
the shapley_values is [[0. 0. 0. 0. 0.]]
estimate_shapley_values
shapley_config ShapleyApproximationMethods.AUTO
shapley_config.n_jobs -1
all_subsets is [(0, 0, 0, 0, 0), (0, 0, 0, 0, 1), (0, 0, 0, 1, 0), (0, 0, 0, 1, 1), (0, 0, 1, 0, 0), (0, 0, 1, 0, 1), (0, 0, 1, 1, 0), (0, 0, 1, 1, 1), (0, 1, 0, 0, 0), (0, 1, 0, 0, 1), (0, 1, 0, 1, 0), (0, 1, 0, 1, 1), (0, 1, 1, 0, 0), (0, 1, 1, 0, 1), (0, 1, 1, 1, 0), (0, 1, 1, 1, 1), (1, 0, 0, 0, 0), (1, 0, 0, 0, 1), (1, 0, 0, 1, 0), (1, 0, 0, 1, 1), (1, 0, 1, 0, 0), (1, 0, 1, 0, 1), (1, 0, 1, 1, 0), (1, 0, 1, 1, 1), (1, 1, 0, 0, 0), (1, 1, 0, 0, 1), (1, 1, 0, 1, 0), (1, 1, 0, 1, 1), (1, 1, 1, 0, 0), (1, 1, 1, 0, 1), (1, 1, 1, 1, 0), (1, 1, 1, 1, 1)]
total number of subsets/permutation is 32
subset_to_result_map  use set_func that is in anomaly_scores module line 208
the value of each permutation in the subset_to_result_map is the outlier score of the outlier noise in each permutation


now use the subset_to_result_map to compute shapley_values
the shapley_values is [[0. 0. 0. 0. 0.]]
estimate_shapley_values
shapley_config ShapleyApproximationMethods.AUTO
shapley_config.n_jobs -1
all_subsets is [(0, 0, 0, 0, 0), (0, 0, 0, 0, 1), (0, 0, 0, 1, 0), (0, 0, 0, 1, 1), (0, 0, 1, 0, 0), (0, 0, 1, 0, 1), (0, 0, 1, 1, 0), (0, 0, 1, 1, 1), (0, 1, 0, 0, 0), (0, 1, 0, 0, 1), (0, 1, 0, 1, 0), (0, 1, 0, 1, 1), (0, 1, 1, 0, 0), (0, 1, 1, 0, 1), (0, 1, 1, 1, 0), (0, 1, 1, 1, 1), (1, 0, 0, 0, 0), (1, 0, 0, 0, 1), (1, 0, 0, 1, 0), (1, 0, 0, 1, 1), (1, 0, 1, 0, 0), (1, 0, 1, 0, 1), (1, 0, 1, 1, 0), (1, 0, 1, 1, 1), (1, 1, 0, 0, 0), (1, 1, 0, 0, 1), (1, 1, 0, 1, 0), (1, 1, 0, 1, 1), (1, 1, 1, 0, 0), (1, 1, 1, 0, 1), (1, 1, 1, 1, 0), (1, 1, 1, 1, 1)]
total number of subsets/permutation is 32
subset_to_result_map  use set_func that is in anomaly_scores module line 208
the value of each permutation in the subset_to_result_map is the outlier score of the outlier noise in each permutation


now use the subset_to_result_map to compute shapley_values
the shapley_values is [[0. 0. 0. 0. 0.]]
estimate_shapley_values
shapley_config ShapleyApproximationMethods.AUTO
shapley_config.n_jobs -1
all_subsets is [(0, 0, 0, 0, 0), (0, 0, 0, 0, 1), (0, 0, 0, 1, 0), (0, 0, 0, 1, 1), (0, 0, 1, 0, 0), (0, 0, 1, 0, 1), (0, 0, 1, 1, 0), (0, 0, 1, 1, 1), (0, 1, 0, 0, 0), (0, 1, 0, 0, 1), (0, 1, 0, 1, 0), (0, 1, 0, 1, 1), (0, 1, 1, 0, 0), (0, 1, 1, 0, 1), (0, 1, 1, 1, 0), (0, 1, 1, 1, 1), (1, 0, 0, 0, 0), (1, 0, 0, 0, 1), (1, 0, 0, 1, 0), (1, 0, 0, 1, 1), (1, 0, 1, 0, 0), (1, 0, 1, 0, 1), (1, 0, 1, 1, 0), (1, 0, 1, 1, 1), (1, 1, 0, 0, 0), (1, 1, 0, 0, 1), (1, 1, 0, 1, 0), (1, 1, 0, 1, 1), (1, 1, 1, 0, 0), (1, 1, 1, 0, 1), (1, 1, 1, 1, 0), (1, 1, 1, 1, 1)]
total number of subsets/permutation is 32
subset_to_result_map  use set_func that is in anomaly_scores module line 208
estimate_shapley_values
shapley_config ShapleyApproximationMethods.AUTO
shapley_config.n_jobs -1
all_subsets is [(0, 0, 0, 0, 0), (0, 0, 0, 0, 1), (0, 0, 0, 1, 0), (0, 0, 0, 1, 1), (0, 0, 1, 0, 0), (0, 0, 1, 0, 1), (0, 0, 1, 1, 0), (0, 0, 1, 1, 1), (0, 1, 0, 0, 0), (0, 1, 0, 0, 1), (0, 1, 0, 1, 0), (0, 1, 0, 1, 1), (0, 1, 1, 0, 0), (0, 1, 1, 0, 1), (0, 1, 1, 1, 0), (0, 1, 1, 1, 1), (1, 0, 0, 0, 0), (1, 0, 0, 0, 1), (1, 0, 0, 1, 0), (1, 0, 0, 1, 1), (1, 0, 1, 0, 0), (1, 0, 1, 0, 1), (1, 0, 1, 1, 0), (1, 0, 1, 1, 1), (1, 1, 0, 0, 0), (1, 1, 0, 0, 1), (1, 1, 0, 1, 0), (1, 1, 0, 1, 1), (1, 1, 1, 0, 0), (1, 1, 1, 0, 1), (1, 1, 1, 1, 0), (1, 1, 1, 1, 1)]
total number of subsets/permutation is 32
subset_to_result_map  use set_func that is in anomaly_scores module line 208
the value of each permutation in the subset_to_result_map is the outlier score of the outlier noise in each permutation


now use the subset_to_result_map to compute shapley_values
the shapley_values is [[0. 0. 0. 0. 0.]]
estimate_shapley_values
shapley_config ShapleyApproximationMethods.AUTO
shapley_config.n_jobs -1
all_subsets is [(0, 0, 0, 0, 0), (0, 0, 0, 0, 1), (0, 0, 0, 1, 0), (0, 0, 0, 1, 1), (0, 0, 1, 0, 0), (0, 0, 1, 0, 1), (0, 0, 1, 1, 0), (0, 0, 1, 1, 1), (0, 1, 0, 0, 0), (0, 1, 0, 0, 1), (0, 1, 0, 1, 0), (0, 1, 0, 1, 1), (0, 1, 1, 0, 0), (0, 1, 1, 0, 1), (0, 1, 1, 1, 0), (0, 1, 1, 1, 1), (1, 0, 0, 0, 0), (1, 0, 0, 0, 1), (1, 0, 0, 1, 0), (1, 0, 0, 1, 1), (1, 0, 1, 0, 0), (1, 0, 1, 0, 1), (1, 0, 1, 1, 0), (1, 0, 1, 1, 1), (1, 1, 0, 0, 0), (1, 1, 0, 0, 1), (1, 1, 0, 1, 0), (1, 1, 0, 1, 1), (1, 1, 1, 0, 0), (1, 1, 1, 0, 1), (1, 1, 1, 1, 0), (1, 1, 1, 1, 1)]
total number of subsets/permutation is 32
subset_to_result_map  use set_func that is in anomaly_scores module line 208
estimate_shapley_values
shapley_config ShapleyApproximationMethods.AUTO
shapley_config.n_jobs -1
all_subsets is [(0, 0, 0, 0, 0), (0, 0, 0, 0, 1), (0, 0, 0, 1, 0), (0, 0, 0, 1, 1), (0, 0, 1, 0, 0), (0, 0, 1, 0, 1), (0, 0, 1, 1, 0), (0, 0, 1, 1, 1), (0, 1, 0, 0, 0), (0, 1, 0, 0, 1), (0, 1, 0, 1, 0), (0, 1, 0, 1, 1), (0, 1, 1, 0, 0), (0, 1, 1, 0, 1), (0, 1, 1, 1, 0), (0, 1, 1, 1, 1), (1, 0, 0, 0, 0), (1, 0, 0, 0, 1), (1, 0, 0, 1, 0), (1, 0, 0, 1, 1), (1, 0, 1, 0, 0), (1, 0, 1, 0, 1), (1, 0, 1, 1, 0), (1, 0, 1, 1, 1), (1, 1, 0, 0, 0), (1, 1, 0, 0, 1), (1, 1, 0, 1, 0), (1, 1, 0, 1, 1), (1, 1, 1, 0, 0), (1, 1, 1, 0, 1), (1, 1, 1, 1, 0), (1, 1, 1, 1, 1)]
total number of subsets/permutation is 32
subset_to_result_map  use set_func that is in anomaly_scores module line 208
the value of each permutation in the subset_to_result_map is the outlier score of the outlier noise in each permutation


now use the subset_to_result_map to compute shapley_values
the shapley_values is [[ 4.24874609  1.57469669  1.64140806  1.20055262 -0.65870261]]
estimate_shapley_values
shapley_config ShapleyApproximationMethods.AUTO
shapley_config.n_jobs -1
all_subsets is [(0, 0, 0, 0, 0), (0, 0, 0, 0, 1), (0, 0, 0, 1, 0), (0, 0, 0, 1, 1), (0, 0, 1, 0, 0), (0, 0, 1, 0, 1), (0, 0, 1, 1, 0), (0, 0, 1, 1, 1), (0, 1, 0, 0, 0), (0, 1, 0, 0, 1), (0, 1, 0, 1, 0), (0, 1, 0, 1, 1), (0, 1, 1, 0, 0), (0, 1, 1, 0, 1), (0, 1, 1, 1, 0), (0, 1, 1, 1, 1), (1, 0, 0, 0, 0), (1, 0, 0, 0, 1), (1, 0, 0, 1, 0), (1, 0, 0, 1, 1), (1, 0, 1, 0, 0), (1, 0, 1, 0, 1), (1, 0, 1, 1, 0), (1, 0, 1, 1, 1), (1, 1, 0, 0, 0), (1, 1, 0, 0, 1), (1, 1, 0, 1, 0), (1, 1, 0, 1, 1), (1, 1, 1, 0, 0), (1, 1, 1, 0, 1), (1, 1, 1, 1, 0), (1, 1, 1, 1, 1)]
total number of subsets/permutation is 32
subset_to_result_map  use set_func that is in anomaly_scores module line 208
the value of each permutation in the subset_to_result_map is the outlier score of the outlier noise in each permutation


now use the subset_to_result_map to compute shapley_values
the shapley_values is [[0. 0. 0. 0. 0.]]
estimate_shapley_values
shapley_config ShapleyApproximationMethods.AUTO
shapley_config.n_jobs -1
all_subsets is [(0, 0, 0, 0, 0), (0, 0, 0, 0, 1), (0, 0, 0, 1, 0), (0, 0, 0, 1, 1), (0, 0, 1, 0, 0), (0, 0, 1, 0, 1), (0, 0, 1, 1, 0), (0, 0, 1, 1, 1), (0, 1, 0, 0, 0), (0, 1, 0, 0, 1), (0, 1, 0, 1, 0), (0, 1, 0, 1, 1), (0, 1, 1, 0, 0), (0, 1, 1, 0, 1), (0, 1, 1, 1, 0), (0, 1, 1, 1, 1), (1, 0, 0, 0, 0), (1, 0, 0, 0, 1), (1, 0, 0, 1, 0), (1, 0, 0, 1, 1), (1, 0, 1, 0, 0), (1, 0, 1, 0, 1), (1, 0, 1, 1, 0), (1, 0, 1, 1, 1), (1, 1, 0, 0, 0), (1, 1, 0, 0, 1), (1, 1, 0, 1, 0), (1, 1, 0, 1, 1), (1, 1, 1, 0, 0), (1, 1, 1, 0, 1), (1, 1, 1, 1, 0), (1, 1, 1, 1, 1)]
total number of subsets/permutation is 32
subset_to_result_map  use set_func that is in anomaly_scores module line 208
the value of each permutation in the subset_to_result_map is the outlier score of the outlier noise in each permutation


now use the subset_to_result_map to compute shapley_values
the shapley_values is [[ 6.54336593  1.10765629  1.02256937  0.79644417 -1.46333492]]
